<?xml version="1.0" encoding="UTF-8" ?>
<testsuite tests="2" failures="0" name="com.niit.test.ProductDaoTest" time="11.424" errors="1" skipped="1">
  <properties>
[...]
</properties>
  <testcase classname="com.niit.test.ProductDaoTest" name="addProductTest" time="6.946">
    <skipped/>
    <system-out>17:50:22.140 [main] DEBUG org.springframework.core.env.StandardEnvironment - Adding [systemProperties] PropertySource with lowest search precedence
17:50:22.140 [main] DEBUG org.springframework.core.env.StandardEnvironment - Adding [systemEnvironment] PropertySource with lowest search precedence
17:50:22.140 [main] DEBUG org.springframework.core.env.StandardEnvironment - Initialized StandardEnvironment with PropertySources [systemProperties,systemEnvironment]
17:50:22.155 [main] DEBUG org.springframework.core.io.support.PathMatchingResourcePatternResolver - Looking for matching resources in directory tree [D:\DT project\clari\Ecommerce-project-master\EcommerceBackend\target\test-classes\com\niit]
17:50:22.155 [main] DEBUG org.springframework.core.io.support.PathMatchingResourcePatternResolver - Searching directory [D:\DT project\clari\Ecommerce-project-master\EcommerceBackend\target\test-classes\com\niit] for files matching pattern [D:/DT project/clari/Ecommerce-project-master/EcommerceBackend/target/test-classes/com/niit/*/**/*.class]
17:50:22.155 [main] DEBUG org.springframework.core.io.support.PathMatchingResourcePatternResolver - Searching directory [D:\DT project\clari\Ecommerce-project-master\EcommerceBackend\target\test-classes\com\niit\EcomBackend] for files matching pattern [D:/DT project/clari/Ecommerce-project-master/EcommerceBackend/target/test-classes/com/niit/*/**/*.class]
17:50:22.155 [main] DEBUG org.springframework.core.io.support.PathMatchingResourcePatternResolver - Searching directory [D:\DT project\clari\Ecommerce-project-master\EcommerceBackend\target\test-classes\com\niit\test] for files matching pattern [D:/DT project/clari/Ecommerce-project-master/EcommerceBackend/target/test-classes/com/niit/*/**/*.class]
17:50:22.155 [main] DEBUG org.springframework.core.io.support.PathMatchingResourcePatternResolver - Looking for matching resources in directory tree [D:\DT project\clari\Ecommerce-project-master\EcommerceBackend\target\classes\com\niit]
17:50:22.155 [main] DEBUG org.springframework.core.io.support.PathMatchingResourcePatternResolver - Searching directory [D:\DT project\clari\Ecommerce-project-master\EcommerceBackend\target\classes\com\niit] for files matching pattern [D:/DT project/clari/Ecommerce-project-master/EcommerceBackend/target/classes/com/niit/*/**/*.class]
17:50:22.155 [main] DEBUG org.springframework.core.io.support.PathMatchingResourcePatternResolver - Searching directory [D:\DT project\clari\Ecommerce-project-master\EcommerceBackend\target\classes\com\niit\config] for files matching pattern [D:/DT project/clari/Ecommerce-project-master/EcommerceBackend/target/classes/com/niit/*/**/*.class]
17:50:22.155 [main] DEBUG org.springframework.core.io.support.PathMatchingResourcePatternResolver - Searching directory [D:\DT project\clari\Ecommerce-project-master\EcommerceBackend\target\classes\com\niit\dao] for files matching pattern [D:/DT project/clari/Ecommerce-project-master/EcommerceBackend/target/classes/com/niit/*/**/*.class]
17:50:22.155 [main] DEBUG org.springframework.core.io.support.PathMatchingResourcePatternResolver - Searching directory [D:\DT project\clari\Ecommerce-project-master\EcommerceBackend\target\classes\com\niit\daoImpl] for files matching pattern [D:/DT project/clari/Ecommerce-project-master/EcommerceBackend/target/classes/com/niit/*/**/*.class]
17:50:22.155 [main] DEBUG org.springframework.core.io.support.PathMatchingResourcePatternResolver - Searching directory [D:\DT project\clari\Ecommerce-project-master\EcommerceBackend\target\classes\com\niit\model] for files matching pattern [D:/DT project/clari/Ecommerce-project-master/EcommerceBackend/target/classes/com/niit/*/**/*.class]
17:50:22.155 [main] DEBUG org.springframework.core.io.support.PathMatchingResourcePatternResolver - Resolved location pattern [classpath*:com/niit/*/**/*.class] to resources [file [D:\DT project\clari\Ecommerce-project-master\EcommerceBackend\target\test-classes\com\niit\EcomBackend\AppTest.class], file [D:\DT project\clari\Ecommerce-project-master\EcommerceBackend\target\test-classes\com\niit\test\CartDaoTest.class], file [D:\DT project\clari\Ecommerce-project-master\EcommerceBackend\target\test-classes\com\niit\test\ProductDaoTest.class], file [D:\DT project\clari\Ecommerce-project-master\EcommerceBackend\target\test-classes\com\niit\test\UserDaoTest.class], file [D:\DT project\clari\Ecommerce-project-master\EcommerceBackend\target\classes\com\niit\config\hibernateConfig.class], file [D:\DT project\clari\Ecommerce-project-master\EcommerceBackend\target\classes\com\niit\dao\CartDao.class], file [D:\DT project\clari\Ecommerce-project-master\EcommerceBackend\target\classes\com\niit\dao\CategoryDao.class], file [D:\DT project\clari\Ecommerce-project-master\EcommerceBackend\target\classes\com\niit\dao\OrdersDao.class], file [D:\DT project\clari\Ecommerce-project-master\EcommerceBackend\target\classes\com\niit\dao\ProductDao.class], file [D:\DT project\clari\Ecommerce-project-master\EcommerceBackend\target\classes\com\niit\dao\SupplierDao.class], file [D:\DT project\clari\Ecommerce-project-master\EcommerceBackend\target\classes\com\niit\dao\UserDao.class], file [D:\DT project\clari\Ecommerce-project-master\EcommerceBackend\target\classes\com\niit\daoImpl\CartDaoImpl.class], file [D:\DT project\clari\Ecommerce-project-master\EcommerceBackend\target\classes\com\niit\daoImpl\CategoryDaoImpl.class], file [D:\DT project\clari\Ecommerce-project-master\EcommerceBackend\target\classes\com\niit\daoImpl\OrdersDaoImpl.class], file [D:\DT project\clari\Ecommerce-project-master\EcommerceBackend\target\classes\com\niit\daoImpl\ProductDaoImpl.class], file [D:\DT project\clari\Ecommerce-project-master\EcommerceBackend\target\classes\com\niit\daoImpl\SupplierDaoImpl.class], file [D:\DT project\clari\Ecommerce-project-master\EcommerceBackend\target\classes\com\niit\daoImpl\UserDaoImpl.class], file [D:\DT project\clari\Ecommerce-project-master\EcommerceBackend\target\classes\com\niit\model\Cart.class], file [D:\DT project\clari\Ecommerce-project-master\EcommerceBackend\target\classes\com\niit\model\Category.class], file [D:\DT project\clari\Ecommerce-project-master\EcommerceBackend\target\classes\com\niit\model\Orders.class], file [D:\DT project\clari\Ecommerce-project-master\EcommerceBackend\target\classes\com\niit\model\Product.class], file [D:\DT project\clari\Ecommerce-project-master\EcommerceBackend\target\classes\com\niit\model\Supplier.class], file [D:\DT project\clari\Ecommerce-project-master\EcommerceBackend\target\classes\com\niit\model\User.class]]
17:50:22.234 [main] DEBUG org.springframework.context.annotation.ClassPathBeanDefinitionScanner - Identified candidate component class: file [D:\DT project\clari\Ecommerce-project-master\EcommerceBackend\target\classes\com\niit\config\hibernateConfig.class]
17:50:22.234 [main] DEBUG org.springframework.context.annotation.ClassPathBeanDefinitionScanner - Identified candidate component class: file [D:\DT project\clari\Ecommerce-project-master\EcommerceBackend\target\classes\com\niit\daoImpl\CartDaoImpl.class]
17:50:22.250 [main] DEBUG org.springframework.context.annotation.ClassPathBeanDefinitionScanner - Identified candidate component class: file [D:\DT project\clari\Ecommerce-project-master\EcommerceBackend\target\classes\com\niit\daoImpl\CategoryDaoImpl.class]
17:50:22.250 [main] DEBUG org.springframework.context.annotation.ClassPathBeanDefinitionScanner - Identified candidate component class: file [D:\DT project\clari\Ecommerce-project-master\EcommerceBackend\target\classes\com\niit\daoImpl\OrdersDaoImpl.class]
17:50:22.250 [main] DEBUG org.springframework.context.annotation.ClassPathBeanDefinitionScanner - Identified candidate component class: file [D:\DT project\clari\Ecommerce-project-master\EcommerceBackend\target\classes\com\niit\daoImpl\ProductDaoImpl.class]
17:50:22.265 [main] DEBUG org.springframework.context.annotation.ClassPathBeanDefinitionScanner - Identified candidate component class: file [D:\DT project\clari\Ecommerce-project-master\EcommerceBackend\target\classes\com\niit\daoImpl\SupplierDaoImpl.class]
17:50:22.265 [main] DEBUG org.springframework.context.annotation.ClassPathBeanDefinitionScanner - Identified candidate component class: file [D:\DT project\clari\Ecommerce-project-master\EcommerceBackend\target\classes\com\niit\daoImpl\UserDaoImpl.class]
17:50:22.281 [main] INFO org.springframework.context.annotation.AnnotationConfigApplicationContext - Refreshing org.springframework.context.annotation.AnnotationConfigApplicationContext@1eb3b60: startup date [Fri Jan 19 17:50:22 IST 2018]; root of context hierarchy
17:50:22.281 [main] DEBUG org.springframework.context.annotation.AnnotationConfigApplicationContext - Bean factory for org.springframework.context.annotation.AnnotationConfigApplicationContext@1eb3b60: org.springframework.beans.factory.support.DefaultListableBeanFactory@13e536f: defining beans [org.springframework.context.annotation.internalConfigurationAnnotationProcessor,org.springframework.context.annotation.internalAutowiredAnnotationProcessor,org.springframework.context.annotation.internalRequiredAnnotationProcessor,org.springframework.context.annotation.internalCommonAnnotationProcessor,org.springframework.context.annotation.internalPersistenceAnnotationProcessor,hibernateConfig,cartDao,categoryDao,ordersDao,productDao,supplierDao,userDao]; root of factory hierarchy
17:50:22.281 [main] DEBUG org.springframework.beans.factory.support.DefaultListableBeanFactory - Creating shared instance of singleton bean &apos;org.springframework.context.annotation.internalConfigurationAnnotationProcessor&apos;
17:50:22.281 [main] DEBUG org.springframework.beans.factory.support.DefaultListableBeanFactory - Creating instance of bean &apos;org.springframework.context.annotation.internalConfigurationAnnotationProcessor&apos;
17:50:22.281 [main] DEBUG org.springframework.beans.factory.support.DefaultListableBeanFactory - Eagerly caching bean &apos;org.springframework.context.annotation.internalConfigurationAnnotationProcessor&apos; to allow for resolving potential circular references
17:50:22.281 [main] DEBUG org.springframework.beans.factory.support.DefaultListableBeanFactory - Finished creating instance of bean &apos;org.springframework.context.annotation.internalConfigurationAnnotationProcessor&apos;
17:50:22.297 [main] DEBUG org.springframework.core.env.StandardEnvironment - Adding [systemProperties] PropertySource with lowest search precedence
17:50:22.297 [main] DEBUG org.springframework.core.env.StandardEnvironment - Adding [systemEnvironment] PropertySource with lowest search precedence
17:50:22.297 [main] DEBUG org.springframework.core.env.StandardEnvironment - Initialized StandardEnvironment with PropertySources [systemProperties,systemEnvironment]
17:50:22.297 [main] DEBUG org.springframework.core.io.support.PathMatchingResourcePatternResolver - Looking for matching resources in directory tree [D:\DT project\clari\Ecommerce-project-master\EcommerceBackend\target\test-classes\com\niit\EcomBackend]
17:50:22.297 [main] DEBUG org.springframework.core.io.support.PathMatchingResourcePatternResolver - Searching directory [D:\DT project\clari\Ecommerce-project-master\EcommerceBackend\target\test-classes\com\niit\EcomBackend] for files matching pattern [D:/DT project/clari/Ecommerce-project-master/EcommerceBackend/target/test-classes/com/niit/EcomBackend/**/*.class]
17:50:22.297 [main] DEBUG org.springframework.core.io.support.PathMatchingResourcePatternResolver - Resolved location pattern [classpath*:com/niit/EcomBackend/**/*.class] to resources [file [D:\DT project\clari\Ecommerce-project-master\EcommerceBackend\target\test-classes\com\niit\EcomBackend\AppTest.class]]
17:50:22.312 [main] DEBUG org.springframework.context.annotation.ConfigurationClassBeanDefinitionReader - Registered bean definition for imported @Configuration class org.springframework.transaction.annotation.ProxyTransactionManagementConfiguration
17:50:22.312 [main] DEBUG org.springframework.context.annotation.ConfigurationClassBeanDefinitionReader - Registering bean definition for @Bean method org.springframework.transaction.annotation.ProxyTransactionManagementConfiguration.org.springframework.transaction.config.internalTransactionAdvisor()
17:50:22.312 [main] DEBUG org.springframework.context.annotation.ConfigurationClassBeanDefinitionReader - Registering bean definition for @Bean method org.springframework.transaction.annotation.ProxyTransactionManagementConfiguration.transactionAttributeSource()
17:50:22.312 [main] DEBUG org.springframework.context.annotation.ConfigurationClassBeanDefinitionReader - Registering bean definition for @Bean method org.springframework.transaction.annotation.ProxyTransactionManagementConfiguration.transactionInterceptor()
17:50:22.312 [main] DEBUG org.springframework.context.annotation.ConfigurationClassBeanDefinitionReader - Registering bean definition for @Bean method com.niit.config.hibernateConfig.dataSource()
17:50:22.312 [main] DEBUG org.springframework.context.annotation.ConfigurationClassBeanDefinitionReader - Registering bean definition for @Bean method com.niit.config.hibernateConfig.sessionFactory()
17:50:22.312 [main] DEBUG org.springframework.context.annotation.ConfigurationClassBeanDefinitionReader - Registering bean definition for @Bean method com.niit.config.hibernateConfig.userDaoImpl()
17:50:22.312 [main] DEBUG org.springframework.context.annotation.ConfigurationClassBeanDefinitionReader - Registering bean definition for @Bean method com.niit.config.hibernateConfig.cartDaoImpl()
17:50:22.312 [main] DEBUG org.springframework.context.annotation.ConfigurationClassBeanDefinitionReader - Registering bean definition for @Bean method com.niit.config.hibernateConfig.categoryDaoImpl()
17:50:22.312 [main] DEBUG org.springframework.context.annotation.ConfigurationClassBeanDefinitionReader - Registering bean definition for @Bean method com.niit.config.hibernateConfig.ordersDaoImpl()
17:50:22.312 [main] DEBUG org.springframework.context.annotation.ConfigurationClassBeanDefinitionReader - Registering bean definition for @Bean method com.niit.config.hibernateConfig.productDaoImpl()
17:50:22.312 [main] DEBUG org.springframework.context.annotation.ConfigurationClassBeanDefinitionReader - Registering bean definition for @Bean method com.niit.config.hibernateConfig.supplierDaoImpl()
17:50:22.312 [main] DEBUG org.springframework.context.annotation.ConfigurationClassBeanDefinitionReader - Registering bean definition for @Bean method com.niit.config.hibernateConfig.transactionManager()
17:50:22.312 [main] DEBUG org.springframework.context.annotation.ConfigurationClassEnhancer - Successfully enhanced com.niit.config.hibernateConfig; enhanced class name is: com.niit.config.hibernateConfig$$EnhancerBySpringCGLIB$$39619e78
17:50:22.312 [main] DEBUG org.springframework.context.annotation.ConfigurationClassPostProcessor - Replacing bean definition &apos;hibernateConfig&apos; existing class name &apos;com.niit.config.hibernateConfig&apos; with enhanced class name &apos;com.niit.config.hibernateConfig$$EnhancerBySpringCGLIB$$39619e78&apos;
17:50:22.312 [main] DEBUG org.springframework.context.annotation.ConfigurationClassEnhancer - Successfully enhanced org.springframework.transaction.annotation.ProxyTransactionManagementConfiguration; enhanced class name is: org.springframework.transaction.annotation.ProxyTransactionManagementConfiguration$$EnhancerBySpringCGLIB$$dd56b050
17:50:22.312 [main] DEBUG org.springframework.context.annotation.ConfigurationClassPostProcessor - Replacing bean definition &apos;org.springframework.transaction.annotation.ProxyTransactionManagementConfiguration&apos; existing class name &apos;org.springframework.transaction.annotation.ProxyTransactionManagementConfiguration&apos; with enhanced class name &apos;org.springframework.transaction.annotation.ProxyTransactionManagementConfiguration$$EnhancerBySpringCGLIB$$dd56b050&apos;
17:50:22.328 [main] DEBUG org.springframework.beans.factory.support.DefaultListableBeanFactory - Creating shared instance of singleton bean &apos;org.springframework.context.annotation.internalAutowiredAnnotationProcessor&apos;
17:50:22.328 [main] DEBUG org.springframework.beans.factory.support.DefaultListableBeanFactory - Creating instance of bean &apos;org.springframework.context.annotation.internalAutowiredAnnotationProcessor&apos;
17:50:22.328 [main] DEBUG org.springframework.beans.factory.support.DefaultListableBeanFactory - Eagerly caching bean &apos;org.springframework.context.annotation.internalAutowiredAnnotationProcessor&apos; to allow for resolving potential circular references
17:50:22.328 [main] DEBUG org.springframework.beans.factory.support.DefaultListableBeanFactory - Finished creating instance of bean &apos;org.springframework.context.annotation.internalAutowiredAnnotationProcessor&apos;
17:50:22.328 [main] DEBUG org.springframework.beans.factory.support.DefaultListableBeanFactory - Creating shared instance of singleton bean &apos;org.springframework.context.annotation.internalRequiredAnnotationProcessor&apos;
17:50:22.328 [main] DEBUG org.springframework.beans.factory.support.DefaultListableBeanFactory - Creating instance of bean &apos;org.springframework.context.annotation.internalRequiredAnnotationProcessor&apos;
17:50:22.328 [main] DEBUG org.springframework.beans.factory.support.DefaultListableBeanFactory - Eagerly caching bean &apos;org.springframework.context.annotation.internalRequiredAnnotationProcessor&apos; to allow for resolving potential circular references
17:50:22.328 [main] DEBUG org.springframework.beans.factory.support.DefaultListableBeanFactory - Finished creating instance of bean &apos;org.springframework.context.annotation.internalRequiredAnnotationProcessor&apos;
17:50:22.328 [main] DEBUG org.springframework.beans.factory.support.DefaultListableBeanFactory - Creating shared instance of singleton bean &apos;org.springframework.context.annotation.internalCommonAnnotationProcessor&apos;
17:50:22.328 [main] DEBUG org.springframework.beans.factory.support.DefaultListableBeanFactory - Creating instance of bean &apos;org.springframework.context.annotation.internalCommonAnnotationProcessor&apos;
17:50:22.328 [main] DEBUG org.springframework.beans.factory.support.DefaultListableBeanFactory - Eagerly caching bean &apos;org.springframework.context.annotation.internalCommonAnnotationProcessor&apos; to allow for resolving potential circular references
17:50:22.328 [main] DEBUG org.springframework.beans.factory.support.DefaultListableBeanFactory - Finished creating instance of bean &apos;org.springframework.context.annotation.internalCommonAnnotationProcessor&apos;
17:50:22.328 [main] DEBUG org.springframework.beans.factory.support.DefaultListableBeanFactory - Creating shared instance of singleton bean &apos;org.springframework.context.annotation.internalPersistenceAnnotationProcessor&apos;
17:50:22.328 [main] DEBUG org.springframework.beans.factory.support.DefaultListableBeanFactory - Creating instance of bean &apos;org.springframework.context.annotation.internalPersistenceAnnotationProcessor&apos;
17:50:22.328 [main] DEBUG org.springframework.beans.factory.support.DefaultListableBeanFactory - Eagerly caching bean &apos;org.springframework.context.annotation.internalPersistenceAnnotationProcessor&apos; to allow for resolving potential circular references
17:50:22.328 [main] DEBUG org.springframework.beans.factory.support.DefaultListableBeanFactory - Finished creating instance of bean &apos;org.springframework.context.annotation.internalPersistenceAnnotationProcessor&apos;
17:50:22.328 [main] DEBUG org.springframework.beans.factory.support.DefaultListableBeanFactory - Creating shared instance of singleton bean &apos;org.springframework.context.annotation.ConfigurationClassPostProcessor.importAwareProcessor&apos;
17:50:22.328 [main] DEBUG org.springframework.beans.factory.support.DefaultListableBeanFactory - Creating instance of bean &apos;org.springframework.context.annotation.ConfigurationClassPostProcessor.importAwareProcessor&apos;
17:50:22.328 [main] DEBUG org.springframework.beans.factory.support.DefaultListableBeanFactory - Eagerly caching bean &apos;org.springframework.context.annotation.ConfigurationClassPostProcessor.importAwareProcessor&apos; to allow for resolving potential circular references
17:50:22.328 [main] DEBUG org.springframework.beans.factory.support.DefaultListableBeanFactory - Finished creating instance of bean &apos;org.springframework.context.annotation.ConfigurationClassPostProcessor.importAwareProcessor&apos;
17:50:22.328 [main] DEBUG org.springframework.beans.factory.support.DefaultListableBeanFactory - Creating shared instance of singleton bean &apos;org.springframework.context.annotation.ConfigurationClassPostProcessor.enhancedConfigurationProcessor&apos;
17:50:22.328 [main] DEBUG org.springframework.beans.factory.support.DefaultListableBeanFactory - Creating instance of bean &apos;org.springframework.context.annotation.ConfigurationClassPostProcessor.enhancedConfigurationProcessor&apos;
17:50:22.328 [main] DEBUG org.springframework.beans.factory.support.DefaultListableBeanFactory - Eagerly caching bean &apos;org.springframework.context.annotation.ConfigurationClassPostProcessor.enhancedConfigurationProcessor&apos; to allow for resolving potential circular references
17:50:22.328 [main] DEBUG org.springframework.beans.factory.support.DefaultListableBeanFactory - Finished creating instance of bean &apos;org.springframework.context.annotation.ConfigurationClassPostProcessor.enhancedConfigurationProcessor&apos;
17:50:22.328 [main] DEBUG org.springframework.beans.factory.support.DefaultListableBeanFactory - Creating shared instance of singleton bean &apos;org.springframework.aop.config.internalAutoProxyCreator&apos;
17:50:22.328 [main] DEBUG org.springframework.beans.factory.support.DefaultListableBeanFactory - Creating instance of bean &apos;org.springframework.aop.config.internalAutoProxyCreator&apos;
17:50:22.328 [main] DEBUG org.springframework.beans.factory.support.DefaultListableBeanFactory - Eagerly caching bean &apos;org.springframework.aop.config.internalAutoProxyCreator&apos; to allow for resolving potential circular references
17:50:22.328 [main] DEBUG org.springframework.beans.factory.support.DefaultListableBeanFactory - Finished creating instance of bean &apos;org.springframework.aop.config.internalAutoProxyCreator&apos;
17:50:22.328 [main] DEBUG org.springframework.context.annotation.AnnotationConfigApplicationContext - Unable to locate MessageSource with name &apos;messageSource&apos;: using default [org.springframework.context.support.DelegatingMessageSource@f2e0bd]
17:50:22.328 [main] DEBUG org.springframework.context.annotation.AnnotationConfigApplicationContext - Unable to locate ApplicationEventMulticaster with name &apos;applicationEventMulticaster&apos;: using default [org.springframework.context.event.SimpleApplicationEventMulticaster@9d003c]
17:50:22.328 [main] DEBUG org.springframework.beans.factory.support.DefaultListableBeanFactory - Pre-instantiating singletons in org.springframework.beans.factory.support.DefaultListableBeanFactory@13e536f: defining beans [org.springframework.context.annotation.internalConfigurationAnnotationProcessor,org.springframework.context.annotation.internalAutowiredAnnotationProcessor,org.springframework.context.annotation.internalRequiredAnnotationProcessor,org.springframework.context.annotation.internalCommonAnnotationProcessor,org.springframework.context.annotation.internalPersistenceAnnotationProcessor,hibernateConfig,cartDao,categoryDao,ordersDao,productDao,supplierDao,userDao,org.springframework.context.annotation.ConfigurationClassPostProcessor.importAwareProcessor,org.springframework.context.annotation.ConfigurationClassPostProcessor.enhancedConfigurationProcessor,org.springframework.transaction.annotation.ProxyTransactionManagementConfiguration,org.springframework.transaction.config.internalTransactionAdvisor,transactionAttributeSource,transactionInterceptor,dataSource,sessionFactory,userDaoImpl,cartDaoImpl,categoryDaoImpl,ordersDaoImpl,productDaoImpl,supplierDaoImpl,transactionManager,org.springframework.aop.config.internalAutoProxyCreator]; root of factory hierarchy
17:50:22.328 [main] DEBUG org.springframework.beans.factory.support.DefaultListableBeanFactory - Returning cached instance of singleton bean &apos;org.springframework.context.annotation.internalConfigurationAnnotationProcessor&apos;
17:50:22.328 [main] DEBUG org.springframework.beans.factory.support.DefaultListableBeanFactory - Returning cached instance of singleton bean &apos;org.springframework.context.annotation.internalAutowiredAnnotationProcessor&apos;
17:50:22.328 [main] DEBUG org.springframework.beans.factory.support.DefaultListableBeanFactory - Returning cached instance of singleton bean &apos;org.springframework.context.annotation.internalRequiredAnnotationProcessor&apos;
17:50:22.328 [main] DEBUG org.springframework.beans.factory.support.DefaultListableBeanFactory - Returning cached instance of singleton bean &apos;org.springframework.context.annotation.internalCommonAnnotationProcessor&apos;
17:50:22.328 [main] DEBUG org.springframework.beans.factory.support.DefaultListableBeanFactory - Returning cached instance of singleton bean &apos;org.springframework.context.annotation.internalPersistenceAnnotationProcessor&apos;
17:50:22.328 [main] DEBUG org.springframework.beans.factory.support.DefaultListableBeanFactory - Creating shared instance of singleton bean &apos;hibernateConfig&apos;
17:50:22.328 [main] DEBUG org.springframework.beans.factory.support.DefaultListableBeanFactory - Creating instance of bean &apos;hibernateConfig&apos;
17:50:22.328 [main] DEBUG org.springframework.beans.factory.support.DefaultListableBeanFactory - Eagerly caching bean &apos;hibernateConfig&apos; to allow for resolving potential circular references
17:50:22.328 [main] DEBUG org.springframework.beans.factory.support.DefaultListableBeanFactory - Creating shared instance of singleton bean &apos;org.springframework.transaction.config.internalTransactionAdvisor&apos;
17:50:22.328 [main] DEBUG org.springframework.beans.factory.support.DefaultListableBeanFactory - Creating instance of bean &apos;org.springframework.transaction.config.internalTransactionAdvisor&apos;
17:50:22.328 [main] DEBUG org.springframework.beans.factory.support.DefaultListableBeanFactory - Creating shared instance of singleton bean &apos;org.springframework.transaction.annotation.ProxyTransactionManagementConfiguration&apos;
17:50:22.343 [main] DEBUG org.springframework.beans.factory.support.DefaultListableBeanFactory - Creating instance of bean &apos;org.springframework.transaction.annotation.ProxyTransactionManagementConfiguration&apos;
17:50:22.343 [main] DEBUG org.springframework.beans.factory.annotation.InjectionMetadata - Registered injected element on class [org.springframework.transaction.annotation.ProxyTransactionManagementConfiguration$$EnhancerBySpringCGLIB$$dd56b050]: AutowiredMethodElement for void org.springframework.transaction.annotation.AbstractTransactionManagementConfiguration.setConfigurers(java.util.Collection)
17:50:22.343 [main] DEBUG org.springframework.beans.factory.support.DefaultListableBeanFactory - Eagerly caching bean &apos;org.springframework.transaction.annotation.ProxyTransactionManagementConfiguration&apos; to allow for resolving potential circular references
17:50:22.343 [main] DEBUG org.springframework.beans.factory.annotation.InjectionMetadata - Processing injected method of bean &apos;org.springframework.transaction.annotation.ProxyTransactionManagementConfiguration&apos;: AutowiredMethodElement for void org.springframework.transaction.annotation.AbstractTransactionManagementConfiguration.setConfigurers(java.util.Collection)
17:50:22.343 [main] DEBUG org.springframework.beans.factory.support.DefaultListableBeanFactory - Returning cached instance of singleton bean &apos;org.springframework.context.annotation.ConfigurationClassPostProcessor.importRegistry&apos;
17:50:22.343 [main] DEBUG org.springframework.aop.framework.autoproxy.BeanFactoryAdvisorRetrievalHelper - Skipping currently created advisor &apos;org.springframework.transaction.config.internalTransactionAdvisor&apos;
17:50:22.343 [main] DEBUG org.springframework.beans.factory.support.DefaultListableBeanFactory - Finished creating instance of bean &apos;org.springframework.transaction.annotation.ProxyTransactionManagementConfiguration&apos;
17:50:22.343 [main] DEBUG org.springframework.beans.factory.support.DefaultListableBeanFactory - Creating shared instance of singleton bean &apos;transactionAttributeSource&apos;
17:50:22.343 [main] DEBUG org.springframework.beans.factory.support.DefaultListableBeanFactory - Creating instance of bean &apos;transactionAttributeSource&apos;
17:50:22.343 [main] DEBUG org.springframework.beans.factory.support.DefaultListableBeanFactory - Returning cached instance of singleton bean &apos;org.springframework.transaction.annotation.ProxyTransactionManagementConfiguration&apos;
17:50:22.343 [main] DEBUG org.springframework.beans.factory.support.DefaultListableBeanFactory - Eagerly caching bean &apos;transactionAttributeSource&apos; to allow for resolving potential circular references
17:50:22.343 [main] DEBUG org.springframework.aop.framework.autoproxy.BeanFactoryAdvisorRetrievalHelper - Skipping currently created advisor &apos;org.springframework.transaction.config.internalTransactionAdvisor&apos;
17:50:22.343 [main] DEBUG org.springframework.beans.factory.support.DefaultListableBeanFactory - Finished creating instance of bean &apos;transactionAttributeSource&apos;
17:50:22.343 [main] DEBUG org.springframework.beans.factory.support.DefaultListableBeanFactory - Creating shared instance of singleton bean &apos;transactionInterceptor&apos;
17:50:22.343 [main] DEBUG org.springframework.beans.factory.support.DefaultListableBeanFactory - Creating instance of bean &apos;transactionInterceptor&apos;
17:50:22.343 [main] DEBUG org.springframework.beans.factory.support.DefaultListableBeanFactory - Returning cached instance of singleton bean &apos;org.springframework.transaction.annotation.ProxyTransactionManagementConfiguration&apos;
17:50:22.343 [main] DEBUG org.springframework.beans.factory.support.DefaultListableBeanFactory - Returning cached instance of singleton bean &apos;transactionAttributeSource&apos;
17:50:22.343 [main] DEBUG org.springframework.beans.factory.support.DefaultListableBeanFactory - Eagerly caching bean &apos;transactionInterceptor&apos; to allow for resolving potential circular references
17:50:22.343 [main] DEBUG org.springframework.beans.factory.support.DefaultListableBeanFactory - Invoking afterPropertiesSet() on bean with name &apos;transactionInterceptor&apos;
17:50:22.343 [main] DEBUG org.springframework.beans.factory.support.DefaultListableBeanFactory - Finished creating instance of bean &apos;transactionInterceptor&apos;
17:50:22.343 [main] DEBUG org.springframework.beans.factory.support.DefaultListableBeanFactory - Eagerly caching bean &apos;org.springframework.transaction.config.internalTransactionAdvisor&apos; to allow for resolving potential circular references
17:50:22.343 [main] DEBUG org.springframework.beans.factory.support.DefaultListableBeanFactory - Finished creating instance of bean &apos;org.springframework.transaction.config.internalTransactionAdvisor&apos;
17:50:22.343 [main] DEBUG org.springframework.beans.factory.support.DefaultListableBeanFactory - Finished creating instance of bean &apos;hibernateConfig&apos;
17:50:22.343 [main] DEBUG org.springframework.beans.factory.support.DefaultListableBeanFactory - Creating shared instance of singleton bean &apos;cartDao&apos;
17:50:22.343 [main] DEBUG org.springframework.beans.factory.support.DefaultListableBeanFactory - Creating instance of bean &apos;cartDao&apos;
17:50:22.343 [main] DEBUG org.springframework.beans.factory.annotation.InjectionMetadata - Registered injected element on class [com.niit.daoImpl.CartDaoImpl]: AutowiredFieldElement for private org.hibernate.SessionFactory com.niit.daoImpl.CartDaoImpl.sessionFactory
17:50:22.343 [main] DEBUG org.springframework.beans.factory.support.DefaultListableBeanFactory - Eagerly caching bean &apos;cartDao&apos; to allow for resolving potential circular references
17:50:22.343 [main] DEBUG org.springframework.beans.factory.annotation.InjectionMetadata - Processing injected method of bean &apos;cartDao&apos;: AutowiredFieldElement for private org.hibernate.SessionFactory com.niit.daoImpl.CartDaoImpl.sessionFactory
17:50:22.343 [main] DEBUG org.springframework.beans.factory.support.DefaultListableBeanFactory - Creating shared instance of singleton bean &apos;sessionFactory&apos;
17:50:22.343 [main] DEBUG org.springframework.beans.factory.support.DefaultListableBeanFactory - Creating instance of bean &apos;sessionFactory&apos;
17:50:22.343 [main] DEBUG org.springframework.beans.factory.support.DefaultListableBeanFactory - Returning cached instance of singleton bean &apos;hibernateConfig&apos;
17:50:22.343 [main] DEBUG org.springframework.beans.factory.support.DefaultListableBeanFactory - Creating shared instance of singleton bean &apos;dataSource&apos;
17:50:22.343 [main] DEBUG org.springframework.beans.factory.support.DefaultListableBeanFactory - Creating instance of bean &apos;dataSource&apos;
17:50:22.343 [main] DEBUG org.springframework.beans.factory.support.DefaultListableBeanFactory - Returning cached instance of singleton bean &apos;hibernateConfig&apos;
17:50:22.343 [main] INFO org.springframework.jdbc.datasource.DriverManagerDataSource - Loaded JDBC driver: org.h2.Driver
17:50:22.343 [main] DEBUG org.springframework.beans.factory.support.DefaultListableBeanFactory - Eagerly caching bean &apos;dataSource&apos; to allow for resolving potential circular references
17:50:22.343 [main] DEBUG org.springframework.beans.factory.support.DefaultListableBeanFactory - Returning cached instance of singleton bean &apos;org.springframework.transaction.config.internalTransactionAdvisor&apos;
17:50:22.359 [main] DEBUG org.springframework.beans.factory.support.DefaultListableBeanFactory - Finished creating instance of bean &apos;dataSource&apos;
17:50:22.359 [main] DEBUG org.springframework.beans.factory.support.DefaultListableBeanFactory - Autowiring by type from bean name &apos;sessionFactory&apos; via factory method to bean named &apos;dataSource&apos;
17:50:22.359 [main] DEBUG org.hibernate.type.BasicTypeRegistry - Adding type registration boolean -&gt; org.hibernate.type.BooleanType@6647c2
17:50:22.359 [main] DEBUG org.hibernate.type.BasicTypeRegistry - Adding type registration boolean -&gt; org.hibernate.type.BooleanType@6647c2
17:50:22.359 [main] DEBUG org.hibernate.type.BasicTypeRegistry - Adding type registration java.lang.Boolean -&gt; org.hibernate.type.BooleanType@6647c2
17:50:22.359 [main] DEBUG org.hibernate.type.BasicTypeRegistry - Adding type registration numeric_boolean -&gt; org.hibernate.type.NumericBooleanType@172a855
17:50:22.359 [main] DEBUG org.hibernate.type.BasicTypeRegistry - Adding type registration true_false -&gt; org.hibernate.type.TrueFalseType@1f116b8
17:50:22.359 [main] DEBUG org.hibernate.type.BasicTypeRegistry - Adding type registration yes_no -&gt; org.hibernate.type.YesNoType@c9f39
17:50:22.359 [main] DEBUG org.hibernate.type.BasicTypeRegistry - Adding type registration byte -&gt; org.hibernate.type.ByteType@1386958
17:50:22.359 [main] DEBUG org.hibernate.type.BasicTypeRegistry - Adding type registration byte -&gt; org.hibernate.type.ByteType@1386958
17:50:22.359 [main] DEBUG org.hibernate.type.BasicTypeRegistry - Adding type registration java.lang.Byte -&gt; org.hibernate.type.ByteType@1386958
17:50:22.359 [main] DEBUG org.hibernate.type.BasicTypeRegistry - Adding type registration character -&gt; org.hibernate.type.CharacterType@c72235
17:50:22.359 [main] DEBUG org.hibernate.type.BasicTypeRegistry - Adding type registration char -&gt; org.hibernate.type.CharacterType@c72235
17:50:22.359 [main] DEBUG org.hibernate.type.BasicTypeRegistry - Adding type registration java.lang.Character -&gt; org.hibernate.type.CharacterType@c72235
17:50:22.359 [main] DEBUG org.hibernate.type.BasicTypeRegistry - Adding type registration short -&gt; org.hibernate.type.ShortType@6d61be
17:50:22.359 [main] DEBUG org.hibernate.type.BasicTypeRegistry - Adding type registration short -&gt; org.hibernate.type.ShortType@6d61be
17:50:22.359 [main] DEBUG org.hibernate.type.BasicTypeRegistry - Adding type registration java.lang.Short -&gt; org.hibernate.type.ShortType@6d61be
17:50:22.359 [main] DEBUG org.hibernate.type.BasicTypeRegistry - Adding type registration integer -&gt; org.hibernate.type.IntegerType@55dd0c
17:50:22.359 [main] DEBUG org.hibernate.type.BasicTypeRegistry - Adding type registration int -&gt; org.hibernate.type.IntegerType@55dd0c
17:50:22.359 [main] DEBUG org.hibernate.type.BasicTypeRegistry - Adding type registration java.lang.Integer -&gt; org.hibernate.type.IntegerType@55dd0c
17:50:22.359 [main] DEBUG org.hibernate.type.BasicTypeRegistry - Adding type registration long -&gt; org.hibernate.type.LongType@333c60
17:50:22.359 [main] DEBUG org.hibernate.type.BasicTypeRegistry - Adding type registration long -&gt; org.hibernate.type.LongType@333c60
17:50:22.359 [main] DEBUG org.hibernate.type.BasicTypeRegistry - Adding type registration java.lang.Long -&gt; org.hibernate.type.LongType@333c60
17:50:22.359 [main] DEBUG org.hibernate.type.BasicTypeRegistry - Adding type registration float -&gt; org.hibernate.type.FloatType@1fc268b
17:50:22.359 [main] DEBUG org.hibernate.type.BasicTypeRegistry - Adding type registration float -&gt; org.hibernate.type.FloatType@1fc268b
17:50:22.359 [main] DEBUG org.hibernate.type.BasicTypeRegistry - Adding type registration java.lang.Float -&gt; org.hibernate.type.FloatType@1fc268b
17:50:22.359 [main] DEBUG org.hibernate.type.BasicTypeRegistry - Adding type registration double -&gt; org.hibernate.type.DoubleType@3d8174
17:50:22.359 [main] DEBUG org.hibernate.type.BasicTypeRegistry - Adding type registration double -&gt; org.hibernate.type.DoubleType@3d8174
17:50:22.359 [main] DEBUG org.hibernate.type.BasicTypeRegistry - Adding type registration java.lang.Double -&gt; org.hibernate.type.DoubleType@3d8174
17:50:22.359 [main] DEBUG org.hibernate.type.BasicTypeRegistry - Adding type registration big_decimal -&gt; org.hibernate.type.BigDecimalType@6454ec
17:50:22.359 [main] DEBUG org.hibernate.type.BasicTypeRegistry - Adding type registration java.math.BigDecimal -&gt; org.hibernate.type.BigDecimalType@6454ec
17:50:22.359 [main] DEBUG org.hibernate.type.BasicTypeRegistry - Adding type registration big_integer -&gt; org.hibernate.type.BigIntegerType@1ff5d15
17:50:22.359 [main] DEBUG org.hibernate.type.BasicTypeRegistry - Adding type registration java.math.BigInteger -&gt; org.hibernate.type.BigIntegerType@1ff5d15
17:50:22.359 [main] DEBUG org.hibernate.type.BasicTypeRegistry - Adding type registration string -&gt; org.hibernate.type.StringType@1e5415e
17:50:22.359 [main] DEBUG org.hibernate.type.BasicTypeRegistry - Adding type registration java.lang.String -&gt; org.hibernate.type.StringType@1e5415e
17:50:22.359 [main] DEBUG org.hibernate.type.BasicTypeRegistry - Adding type registration nstring -&gt; org.hibernate.type.StringNVarcharType@6f16f3
17:50:22.359 [main] DEBUG org.hibernate.type.BasicTypeRegistry - Adding type registration ncharacter -&gt; org.hibernate.type.CharacterNCharType@1de1bff
17:50:22.359 [main] DEBUG org.hibernate.type.BasicTypeRegistry - Adding type registration url -&gt; org.hibernate.type.UrlType@974e45
17:50:22.359 [main] DEBUG org.hibernate.type.BasicTypeRegistry - Adding type registration java.net.URL -&gt; org.hibernate.type.UrlType@974e45
17:50:22.359 [main] DEBUG org.hibernate.type.BasicTypeRegistry - Adding type registration date -&gt; org.hibernate.type.DateType@132bc4a
17:50:22.359 [main] DEBUG org.hibernate.type.BasicTypeRegistry - Adding type registration java.sql.Date -&gt; org.hibernate.type.DateType@132bc4a
17:50:22.359 [main] DEBUG org.hibernate.type.BasicTypeRegistry - Adding type registration time -&gt; org.hibernate.type.TimeType@1997e9d
17:50:22.359 [main] DEBUG org.hibernate.type.BasicTypeRegistry - Adding type registration java.sql.Time -&gt; org.hibernate.type.TimeType@1997e9d
17:50:22.359 [main] DEBUG org.hibernate.type.BasicTypeRegistry - Adding type registration timestamp -&gt; org.hibernate.type.TimestampType@b5ac82
17:50:22.359 [main] DEBUG org.hibernate.type.BasicTypeRegistry - Adding type registration java.sql.Timestamp -&gt; org.hibernate.type.TimestampType@b5ac82
17:50:22.359 [main] DEBUG org.hibernate.type.BasicTypeRegistry - Adding type registration java.util.Date -&gt; org.hibernate.type.TimestampType@b5ac82
17:50:22.359 [main] DEBUG org.hibernate.type.BasicTypeRegistry - Adding type registration dbtimestamp -&gt; org.hibernate.type.DbTimestampType@1059cbc
17:50:22.359 [main] DEBUG org.hibernate.type.BasicTypeRegistry - Adding type registration calendar -&gt; org.hibernate.type.CalendarType@a6147e
17:50:22.359 [main] DEBUG org.hibernate.type.BasicTypeRegistry - Adding type registration java.util.Calendar -&gt; org.hibernate.type.CalendarType@a6147e
17:50:22.359 [main] DEBUG org.hibernate.type.BasicTypeRegistry - Adding type registration java.util.GregorianCalendar -&gt; org.hibernate.type.CalendarType@a6147e
17:50:22.359 [main] DEBUG org.hibernate.type.BasicTypeRegistry - Adding type registration calendar_date -&gt; org.hibernate.type.CalendarDateType@683a3e
17:50:22.359 [main] DEBUG org.hibernate.type.BasicTypeRegistry - Adding type registration locale -&gt; org.hibernate.type.LocaleType@19d26fb
17:50:22.359 [main] DEBUG org.hibernate.type.BasicTypeRegistry - Adding type registration java.util.Locale -&gt; org.hibernate.type.LocaleType@19d26fb
17:50:22.359 [main] DEBUG org.hibernate.type.BasicTypeRegistry - Adding type registration currency -&gt; org.hibernate.type.CurrencyType@d307f1
17:50:22.359 [main] DEBUG org.hibernate.type.BasicTypeRegistry - Adding type registration java.util.Currency -&gt; org.hibernate.type.CurrencyType@d307f1
17:50:22.359 [main] DEBUG org.hibernate.type.BasicTypeRegistry - Adding type registration timezone -&gt; org.hibernate.type.TimeZoneType@3f35f
17:50:22.359 [main] DEBUG org.hibernate.type.BasicTypeRegistry - Adding type registration java.util.TimeZone -&gt; org.hibernate.type.TimeZoneType@3f35f
17:50:22.359 [main] DEBUG org.hibernate.type.BasicTypeRegistry - Adding type registration class -&gt; org.hibernate.type.ClassType@11426f4
17:50:22.359 [main] DEBUG org.hibernate.type.BasicTypeRegistry - Adding type registration java.lang.Class -&gt; org.hibernate.type.ClassType@11426f4
17:50:22.359 [main] DEBUG org.hibernate.type.BasicTypeRegistry - Adding type registration uuid-binary -&gt; org.hibernate.type.UUIDBinaryType@2b4c69
17:50:22.359 [main] DEBUG org.hibernate.type.BasicTypeRegistry - Adding type registration java.util.UUID -&gt; org.hibernate.type.UUIDBinaryType@2b4c69
17:50:22.359 [main] DEBUG org.hibernate.type.BasicTypeRegistry - Adding type registration uuid-char -&gt; org.hibernate.type.UUIDCharType@54a73f
17:50:22.359 [main] DEBUG org.hibernate.type.BasicTypeRegistry - Adding type registration pg-uuid -&gt; org.hibernate.type.PostgresUUIDType@fc180e
17:50:22.359 [main] DEBUG org.hibernate.type.BasicTypeRegistry - Adding type registration binary -&gt; org.hibernate.type.BinaryType@610890
17:50:22.359 [main] DEBUG org.hibernate.type.BasicTypeRegistry - Adding type registration byte[] -&gt; org.hibernate.type.BinaryType@610890
17:50:22.359 [main] DEBUG org.hibernate.type.BasicTypeRegistry - Adding type registration [B -&gt; org.hibernate.type.BinaryType@610890
17:50:22.359 [main] DEBUG org.hibernate.type.BasicTypeRegistry - Adding type registration wrapper-binary -&gt; org.hibernate.type.WrapperBinaryType@ee6fee
17:50:22.359 [main] DEBUG org.hibernate.type.BasicTypeRegistry - Adding type registration Byte[] -&gt; org.hibernate.type.WrapperBinaryType@ee6fee
17:50:22.359 [main] DEBUG org.hibernate.type.BasicTypeRegistry - Adding type registration [Ljava.lang.Byte; -&gt; org.hibernate.type.WrapperBinaryType@ee6fee
17:50:22.359 [main] DEBUG org.hibernate.type.BasicTypeRegistry - Adding type registration image -&gt; org.hibernate.type.ImageType@1faa49c
17:50:22.359 [main] DEBUG org.hibernate.type.BasicTypeRegistry - Adding type registration characters -&gt; org.hibernate.type.CharArrayType@29bb3f
17:50:22.359 [main] DEBUG org.hibernate.type.BasicTypeRegistry - Adding type registration char[] -&gt; org.hibernate.type.CharArrayType@29bb3f
17:50:22.359 [main] DEBUG org.hibernate.type.BasicTypeRegistry - Adding type registration [C -&gt; org.hibernate.type.CharArrayType@29bb3f
17:50:22.359 [main] DEBUG org.hibernate.type.BasicTypeRegistry - Adding type registration wrapper-characters -&gt; org.hibernate.type.CharacterArrayType@1aea049
17:50:22.359 [main] DEBUG org.hibernate.type.BasicTypeRegistry - Adding type registration [Ljava.lang.Character; -&gt; org.hibernate.type.CharacterArrayType@1aea049
17:50:22.359 [main] DEBUG org.hibernate.type.BasicTypeRegistry - Adding type registration Character[] -&gt; org.hibernate.type.CharacterArrayType@1aea049
17:50:22.359 [main] DEBUG org.hibernate.type.BasicTypeRegistry - Adding type registration text -&gt; org.hibernate.type.TextType@16ddd1d
17:50:22.359 [main] DEBUG org.hibernate.type.BasicTypeRegistry - Adding type registration ntext -&gt; org.hibernate.type.NTextType@1217633
17:50:22.359 [main] DEBUG org.hibernate.type.BasicTypeRegistry - Adding type registration blob -&gt; org.hibernate.type.BlobType@af26ee
17:50:22.359 [main] DEBUG org.hibernate.type.BasicTypeRegistry - Adding type registration java.sql.Blob -&gt; org.hibernate.type.BlobType@af26ee
17:50:22.359 [main] DEBUG org.hibernate.type.BasicTypeRegistry - Adding type registration materialized_blob -&gt; org.hibernate.type.MaterializedBlobType@1ae7dc0
17:50:22.359 [main] DEBUG org.hibernate.type.BasicTypeRegistry - Adding type registration clob -&gt; org.hibernate.type.ClobType@7f66c4
17:50:22.359 [main] DEBUG org.hibernate.type.BasicTypeRegistry - Adding type registration java.sql.Clob -&gt; org.hibernate.type.ClobType@7f66c4
17:50:22.359 [main] DEBUG org.hibernate.type.BasicTypeRegistry - Adding type registration nclob -&gt; org.hibernate.type.NClobType@17da279
17:50:22.359 [main] DEBUG org.hibernate.type.BasicTypeRegistry - Adding type registration java.sql.NClob -&gt; org.hibernate.type.NClobType@17da279
17:50:22.359 [main] DEBUG org.hibernate.type.BasicTypeRegistry - Adding type registration materialized_clob -&gt; org.hibernate.type.MaterializedClobType@ebbb30
17:50:22.359 [main] DEBUG org.hibernate.type.BasicTypeRegistry - Adding type registration materialized_nclob -&gt; org.hibernate.type.MaterializedNClobType@1f639d3
17:50:22.359 [main] DEBUG org.hibernate.type.BasicTypeRegistry - Adding type registration serializable -&gt; org.hibernate.type.SerializableType@2de64a
17:50:22.359 [main] DEBUG org.hibernate.type.BasicTypeRegistry - Adding type registration object -&gt; org.hibernate.type.ObjectType@151e434
17:50:22.359 [main] DEBUG org.hibernate.type.BasicTypeRegistry - Adding type registration java.lang.Object -&gt; org.hibernate.type.ObjectType@151e434
17:50:22.359 [main] DEBUG org.hibernate.type.BasicTypeRegistry - Adding type registration imm_date -&gt; org.hibernate.type.AdaptedImmutableType@1bd2029
17:50:22.359 [main] DEBUG org.hibernate.type.BasicTypeRegistry - Adding type registration imm_time -&gt; org.hibernate.type.AdaptedImmutableType@3dd56b
17:50:22.359 [main] DEBUG org.hibernate.type.BasicTypeRegistry - Adding type registration imm_timestamp -&gt; org.hibernate.type.AdaptedImmutableType@8fadb0
17:50:22.359 [main] DEBUG org.hibernate.type.BasicTypeRegistry - Adding type registration imm_dbtimestamp -&gt; org.hibernate.type.AdaptedImmutableType@164b553
17:50:22.359 [main] DEBUG org.hibernate.type.BasicTypeRegistry - Adding type registration imm_calendar -&gt; org.hibernate.type.AdaptedImmutableType@1667cbe
17:50:22.359 [main] DEBUG org.hibernate.type.BasicTypeRegistry - Adding type registration imm_calendar_date -&gt; org.hibernate.type.AdaptedImmutableType@13e6d34
17:50:22.359 [main] DEBUG org.hibernate.type.BasicTypeRegistry - Adding type registration imm_binary -&gt; org.hibernate.type.AdaptedImmutableType@afb10e
17:50:22.359 [main] DEBUG org.hibernate.type.BasicTypeRegistry - Adding type registration imm_serializable -&gt; org.hibernate.type.AdaptedImmutableType@a94fa5
17:50:22.359 [main] DEBUG org.hibernate.id.factory.internal.DefaultIdentifierGeneratorFactory - Registering IdentifierGenerator strategy [uuid2] -&gt; [org.hibernate.id.UUIDGenerator]
17:50:22.359 [main] DEBUG org.hibernate.id.factory.internal.DefaultIdentifierGeneratorFactory - Registering IdentifierGenerator strategy [guid] -&gt; [org.hibernate.id.GUIDGenerator]
17:50:22.359 [main] DEBUG org.hibernate.id.factory.internal.DefaultIdentifierGeneratorFactory - Registering IdentifierGenerator strategy [uuid] -&gt; [org.hibernate.id.UUIDHexGenerator]
17:50:22.359 [main] DEBUG org.hibernate.id.factory.internal.DefaultIdentifierGeneratorFactory - Registering IdentifierGenerator strategy [uuid.hex] -&gt; [org.hibernate.id.UUIDHexGenerator]
17:50:22.359 [main] DEBUG org.hibernate.id.factory.internal.DefaultIdentifierGeneratorFactory - Registering IdentifierGenerator strategy [hilo] -&gt; [org.hibernate.id.TableHiLoGenerator]
17:50:22.359 [main] DEBUG org.hibernate.id.factory.internal.DefaultIdentifierGeneratorFactory - Registering IdentifierGenerator strategy [assigned] -&gt; [org.hibernate.id.Assigned]
17:50:22.359 [main] DEBUG org.hibernate.id.factory.internal.DefaultIdentifierGeneratorFactory - Registering IdentifierGenerator strategy [identity] -&gt; [org.hibernate.id.IdentityGenerator]
17:50:22.359 [main] DEBUG org.hibernate.id.factory.internal.DefaultIdentifierGeneratorFactory - Registering IdentifierGenerator strategy [select] -&gt; [org.hibernate.id.SelectGenerator]
17:50:22.359 [main] DEBUG org.hibernate.id.factory.internal.DefaultIdentifierGeneratorFactory - Registering IdentifierGenerator strategy [sequence] -&gt; [org.hibernate.id.SequenceGenerator]
17:50:22.359 [main] DEBUG org.hibernate.id.factory.internal.DefaultIdentifierGeneratorFactory - Registering IdentifierGenerator strategy [seqhilo] -&gt; [org.hibernate.id.SequenceHiLoGenerator]
17:50:22.359 [main] DEBUG org.hibernate.id.factory.internal.DefaultIdentifierGeneratorFactory - Registering IdentifierGenerator strategy [increment] -&gt; [org.hibernate.id.IncrementGenerator]
17:50:22.359 [main] DEBUG org.hibernate.id.factory.internal.DefaultIdentifierGeneratorFactory - Registering IdentifierGenerator strategy [foreign] -&gt; [org.hibernate.id.ForeignGenerator]
17:50:22.359 [main] DEBUG org.hibernate.id.factory.internal.DefaultIdentifierGeneratorFactory - Registering IdentifierGenerator strategy [sequence-identity] -&gt; [org.hibernate.id.SequenceIdentityGenerator]
17:50:22.359 [main] DEBUG org.hibernate.id.factory.internal.DefaultIdentifierGeneratorFactory - Registering IdentifierGenerator strategy [enhanced-sequence] -&gt; [org.hibernate.id.enhanced.SequenceStyleGenerator]
17:50:22.359 [main] DEBUG org.hibernate.id.factory.internal.DefaultIdentifierGeneratorFactory - Registering IdentifierGenerator strategy [enhanced-table] -&gt; [org.hibernate.id.enhanced.TableGenerator]
17:50:22.359 [main] DEBUG org.hibernate.integrator.internal.IntegratorServiceImpl - Adding Integrator [org.hibernate.cfg.beanvalidation.BeanValidationIntegrator].
17:50:22.359 [main] DEBUG org.hibernate.integrator.internal.IntegratorServiceImpl - Adding Integrator [org.hibernate.secure.spi.JaccIntegrator].
17:50:22.359 [main] DEBUG org.hibernate.integrator.internal.IntegratorServiceImpl - Adding Integrator [org.hibernate.cache.internal.CollectionCacheInvalidator].
17:50:22.359 [main] DEBUG org.hibernate.boot.registry.selector.internal.StrategySelectorImpl - Registering named strategy selector [org.hibernate.dialect.Dialect] : [MySQL5] -&gt; [org.hibernate.dialect.MySQL5Dialect] (replacing [org.hibernate.dialect.MySQL5Dialect])
17:50:22.359 [main] DEBUG org.hibernate.boot.registry.selector.internal.StrategySelectorImpl - Registering named strategy selector [org.hibernate.dialect.Dialect] : [MySQL5InnoDB] -&gt; [org.hibernate.dialect.MySQL5InnoDBDialect] (replacing [org.hibernate.dialect.MySQL5InnoDBDialect])
17:50:22.359 [main] DEBUG org.hibernate.service.spi.ServiceBinding - Overriding existing service binding [org.hibernate.secure.spi.JaccService]
17:50:22.359 [main] DEBUG org.hibernate.cfg.Configuration - Preparing to build session factory with filters : {}
17:50:22.359 [main] DEBUG org.springframework.jdbc.datasource.DriverManagerDataSource - Creating new JDBC DriverManager Connection to [jdbc:h2:tcp://localhost/~/test]
17:50:24.708 [main] WARN org.hibernate.engine.jdbc.internal.JdbcServicesImpl - HHH000342: Could not obtain connection to query metadata : Wrong user name or password [28000-191]
17:50:24.709 [main] INFO org.hibernate.dialect.Dialect - HHH000400: Using dialect: org.hibernate.dialect.H2Dialect
17:50:24.709 [main] INFO org.hibernate.engine.jdbc.internal.LobCreatorBuilder - HHH000422: Disabling contextual LOB creation as connection was null
17:50:24.710 [main] DEBUG org.hibernate.cfg.Configuration - Processing hbm.xml files
17:50:24.710 [main] DEBUG org.hibernate.cfg.Configuration - Process annotated classes
17:50:24.710 [main] DEBUG org.hibernate.cfg.AnnotationBinder - Binding entity from annotated class: com.niit.model.User
17:50:24.710 [main] DEBUG org.hibernate.cfg.Ejb3Column - Binding column: Ejb3DiscriminatorColumn{logicalColumnName&apos;DTYPE&apos;, discriminatorTypeName=&apos;string&apos;}
17:50:24.710 [main] DEBUG org.hibernate.cfg.AnnotationBinder - No value specified for &apos;javax.persistence.sharedCache.mode&apos;; using UNSPECIFIED
17:50:24.710 [main] DEBUG org.hibernate.cfg.annotations.EntityBinder - Import with entity name User
17:50:24.710 [main] DEBUG org.hibernate.cfg.annotations.EntityBinder - Bind entity com.niit.model.User on table User
17:50:24.710 [main] DEBUG org.hibernate.cfg.Ejb3Column - Binding column: Ejb3Column{table=org.hibernate.mapping.Table(User), mappingColumn=User_ID, insertable=true, updatable=true, unique=false}
17:50:24.710 [main] DEBUG org.hibernate.cfg.annotations.PropertyBinder - MetadataSourceProcessor property id with lazy=false
17:50:24.710 [main] DEBUG org.hibernate.cfg.AbstractPropertyHolder - Attempting to locate auto-apply AttributeConverter for property [com.niit.model.User:id]
17:50:24.710 [main] DEBUG org.hibernate.cfg.annotations.SimpleValueBinder - building SimpleValue for id
17:50:24.710 [main] DEBUG org.hibernate.cfg.annotations.PropertyBinder - Building property id
17:50:24.710 [main] DEBUG org.hibernate.cfg.Ejb3Column - Binding column: Ejb3Column{table=org.hibernate.mapping.Table(User), mappingColumn=Password, insertable=true, updatable=true, unique=false}
17:50:24.710 [main] DEBUG org.hibernate.cfg.annotations.PropertyBinder - MetadataSourceProcessor property Password with lazy=false
17:50:24.710 [main] DEBUG org.hibernate.cfg.AbstractPropertyHolder - Attempting to locate auto-apply AttributeConverter for property [com.niit.model.User:Password]
17:50:24.710 [main] DEBUG org.hibernate.cfg.annotations.SimpleValueBinder - building SimpleValue for Password
17:50:24.710 [main] DEBUG org.hibernate.cfg.annotations.PropertyBinder - Building property Password
17:50:24.710 [main] DEBUG org.hibernate.cfg.Ejb3Column - Binding column: Ejb3Column{table=org.hibernate.mapping.Table(User), mappingColumn=Address, insertable=true, updatable=true, unique=false}
17:50:24.710 [main] DEBUG org.hibernate.cfg.annotations.PropertyBinder - MetadataSourceProcessor property address with lazy=false
17:50:24.710 [main] DEBUG org.hibernate.cfg.AbstractPropertyHolder - Attempting to locate auto-apply AttributeConverter for property [com.niit.model.User:address]
17:50:24.710 [main] DEBUG org.hibernate.cfg.annotations.SimpleValueBinder - building SimpleValue for address
17:50:24.710 [main] DEBUG org.hibernate.cfg.annotations.PropertyBinder - Building property address
17:50:24.710 [main] DEBUG org.hibernate.cfg.Ejb3Column - Binding column: Ejb3Column{table=org.hibernate.mapping.Table(User), mappingColumn=Email, insertable=true, updatable=true, unique=false}
17:50:24.710 [main] DEBUG org.hibernate.cfg.annotations.PropertyBinder - MetadataSourceProcessor property email with lazy=false
17:50:24.710 [main] DEBUG org.hibernate.cfg.AbstractPropertyHolder - Attempting to locate auto-apply AttributeConverter for property [com.niit.model.User:email]
17:50:24.710 [main] DEBUG org.hibernate.cfg.annotations.SimpleValueBinder - building SimpleValue for email
17:50:24.710 [main] DEBUG org.hibernate.cfg.annotations.PropertyBinder - Building property email
17:50:24.710 [main] DEBUG org.hibernate.cfg.Ejb3Column - Binding column: Ejb3Column{table=org.hibernate.mapping.Table(User), mappingColumn=Mob_No, insertable=true, updatable=true, unique=false}
17:50:24.710 [main] DEBUG org.hibernate.cfg.annotations.PropertyBinder - MetadataSourceProcessor property mobno with lazy=false
17:50:24.710 [main] DEBUG org.hibernate.cfg.AbstractPropertyHolder - Attempting to locate auto-apply AttributeConverter for property [com.niit.model.User:mobno]
17:50:24.710 [main] DEBUG org.hibernate.cfg.annotations.SimpleValueBinder - building SimpleValue for mobno
17:50:24.710 [main] DEBUG org.hibernate.cfg.annotations.PropertyBinder - Building property mobno
17:50:24.710 [main] DEBUG org.hibernate.cfg.Ejb3Column - Binding column: Ejb3Column{table=org.hibernate.mapping.Table(User), mappingColumn=User_Name, insertable=true, updatable=true, unique=false}
17:50:24.710 [main] DEBUG org.hibernate.cfg.annotations.PropertyBinder - MetadataSourceProcessor property name with lazy=false
17:50:24.710 [main] DEBUG org.hibernate.cfg.AbstractPropertyHolder - Attempting to locate auto-apply AttributeConverter for property [com.niit.model.User:name]
17:50:24.710 [main] DEBUG org.hibernate.cfg.annotations.SimpleValueBinder - building SimpleValue for name
17:50:24.710 [main] DEBUG org.hibernate.cfg.annotations.PropertyBinder - Building property name
17:50:24.710 [main] DEBUG org.hibernate.cfg.Ejb3Column - Binding column: Ejb3Column{table=org.hibernate.mapping.Table(User), mappingColumn=role, insertable=true, updatable=true, unique=false}
17:50:24.710 [main] DEBUG org.hibernate.cfg.annotations.PropertyBinder - MetadataSourceProcessor property role with lazy=false
17:50:24.710 [main] DEBUG org.hibernate.cfg.AbstractPropertyHolder - Attempting to locate auto-apply AttributeConverter for property [com.niit.model.User:role]
17:50:24.710 [main] DEBUG org.hibernate.cfg.annotations.SimpleValueBinder - building SimpleValue for role
17:50:24.710 [main] DEBUG org.hibernate.cfg.annotations.PropertyBinder - Building property role
17:50:24.710 [main] DEBUG org.hibernate.cfg.AnnotationBinder - Binding entity from annotated class: com.niit.model.Category
17:50:24.710 [main] DEBUG org.hibernate.cfg.Ejb3Column - Binding column: Ejb3DiscriminatorColumn{logicalColumnName&apos;DTYPE&apos;, discriminatorTypeName=&apos;string&apos;}
17:50:24.710 [main] DEBUG org.hibernate.cfg.AnnotationBinder - No value specified for &apos;javax.persistence.sharedCache.mode&apos;; using UNSPECIFIED
17:50:24.710 [main] DEBUG org.hibernate.cfg.annotations.EntityBinder - Import with entity name Category
17:50:24.710 [main] DEBUG org.hibernate.cfg.annotations.EntityBinder - Bind entity com.niit.model.Category on table Category
17:50:24.710 [main] DEBUG org.hibernate.cfg.Ejb3Column - Binding column: Ejb3Column{table=org.hibernate.mapping.Table(Category), mappingColumn=Category_Id, insertable=true, updatable=true, unique=false}
17:50:24.710 [main] DEBUG org.hibernate.cfg.annotations.PropertyBinder - MetadataSourceProcessor property id with lazy=false
17:50:24.710 [main] DEBUG org.hibernate.cfg.AbstractPropertyHolder - Attempting to locate auto-apply AttributeConverter for property [com.niit.model.Category:id]
17:50:24.710 [main] DEBUG org.hibernate.cfg.annotations.SimpleValueBinder - building SimpleValue for id
17:50:24.710 [main] DEBUG org.hibernate.cfg.annotations.PropertyBinder - Building property id
17:50:24.710 [main] DEBUG org.hibernate.cfg.Ejb3Column - Binding column: Ejb3Column{table=org.hibernate.mapping.Table(Category), mappingColumn=Category_Name, insertable=true, updatable=true, unique=false}
17:50:24.710 [main] DEBUG org.hibernate.cfg.annotations.PropertyBinder - MetadataSourceProcessor property categoryname with lazy=false
17:50:24.710 [main] DEBUG org.hibernate.cfg.AbstractPropertyHolder - Attempting to locate auto-apply AttributeConverter for property [com.niit.model.Category:categoryname]
17:50:24.710 [main] DEBUG org.hibernate.cfg.annotations.SimpleValueBinder - building SimpleValue for categoryname
17:50:24.710 [main] DEBUG org.hibernate.cfg.annotations.PropertyBinder - Building property categoryname
17:50:24.710 [main] DEBUG org.hibernate.cfg.AnnotationBinder - Binding entity from annotated class: com.niit.model.Product
17:50:24.710 [main] DEBUG org.hibernate.cfg.Ejb3Column - Binding column: Ejb3DiscriminatorColumn{logicalColumnName&apos;DTYPE&apos;, discriminatorTypeName=&apos;string&apos;}
17:50:24.710 [main] DEBUG org.hibernate.cfg.AnnotationBinder - No value specified for &apos;javax.persistence.sharedCache.mode&apos;; using UNSPECIFIED
17:50:24.710 [main] DEBUG org.hibernate.cfg.annotations.EntityBinder - Import with entity name Product
17:50:24.710 [main] DEBUG org.hibernate.cfg.annotations.EntityBinder - Bind entity com.niit.model.Product on table Product
17:50:24.710 [main] DEBUG org.hibernate.cfg.Ejb3Column - Binding column: Ejb3Column{table=org.hibernate.mapping.Table(Product), mappingColumn=Product_Id, insertable=true, updatable=true, unique=false}
17:50:24.710 [main] DEBUG org.hibernate.cfg.annotations.PropertyBinder - MetadataSourceProcessor property id with lazy=false
17:50:24.710 [main] DEBUG org.hibernate.cfg.AbstractPropertyHolder - Attempting to locate auto-apply AttributeConverter for property [com.niit.model.Product:id]
17:50:24.710 [main] DEBUG org.hibernate.cfg.annotations.SimpleValueBinder - building SimpleValue for id
17:50:24.710 [main] DEBUG org.hibernate.cfg.annotations.PropertyBinder - Building property id
17:50:24.710 [main] DEBUG org.hibernate.cfg.Ejb3Column - Binding column: Ejb3Column{table=org.hibernate.mapping.Table(Product), mappingColumn=code, insertable=true, updatable=true, unique=false}
17:50:24.710 [main] DEBUG org.hibernate.cfg.annotations.PropertyBinder - MetadataSourceProcessor property code with lazy=false
17:50:24.710 [main] DEBUG org.hibernate.cfg.AbstractPropertyHolder - Attempting to locate auto-apply AttributeConverter for property [com.niit.model.Product:code]
17:50:24.710 [main] DEBUG org.hibernate.cfg.annotations.SimpleValueBinder - building SimpleValue for code
17:50:24.710 [main] DEBUG org.hibernate.cfg.annotations.PropertyBinder - Building property code
17:50:24.710 [main] DEBUG org.hibernate.cfg.Ejb3Column - Binding column: Ejb3Column{table=org.hibernate.mapping.Table(Product), mappingColumn=description, insertable=true, updatable=true, unique=false}
17:50:24.710 [main] DEBUG org.hibernate.cfg.annotations.PropertyBinder - MetadataSourceProcessor property description with lazy=false
17:50:24.710 [main] DEBUG org.hibernate.cfg.AbstractPropertyHolder - Attempting to locate auto-apply AttributeConverter for property [com.niit.model.Product:description]
17:50:24.710 [main] DEBUG org.hibernate.cfg.annotations.SimpleValueBinder - building SimpleValue for description
17:50:24.710 [main] DEBUG org.hibernate.cfg.annotations.PropertyBinder - Building property description
17:50:24.710 [main] DEBUG org.hibernate.cfg.Ejb3Column - Binding column: Ejb3Column{table=org.hibernate.mapping.Table(Product), mappingColumn=manufacturer, insertable=true, updatable=true, unique=false}
17:50:24.710 [main] DEBUG org.hibernate.cfg.annotations.PropertyBinder - MetadataSourceProcessor property manufacturer with lazy=false
17:50:24.710 [main] DEBUG org.hibernate.cfg.AbstractPropertyHolder - Attempting to locate auto-apply AttributeConverter for property [com.niit.model.Product:manufacturer]
17:50:24.710 [main] DEBUG org.hibernate.cfg.annotations.SimpleValueBinder - building SimpleValue for manufacturer
17:50:24.710 [main] DEBUG org.hibernate.cfg.annotations.PropertyBinder - Building property manufacturer
17:50:24.710 [main] DEBUG org.hibernate.cfg.Ejb3Column - Binding column: Ejb3Column{table=org.hibernate.mapping.Table(Product), mappingColumn=price, insertable=true, updatable=true, unique=false}
17:50:24.710 [main] DEBUG org.hibernate.cfg.annotations.PropertyBinder - MetadataSourceProcessor property price with lazy=false
17:50:24.710 [main] DEBUG org.hibernate.cfg.AbstractPropertyHolder - Attempting to locate auto-apply AttributeConverter for property [com.niit.model.Product:price]
17:50:24.710 [main] DEBUG org.hibernate.cfg.annotations.SimpleValueBinder - building SimpleValue for price
17:50:24.710 [main] DEBUG org.hibernate.cfg.annotations.PropertyBinder - Building property price
17:50:24.710 [main] DEBUG org.hibernate.cfg.Ejb3Column - Binding column: Ejb3Column{table=org.hibernate.mapping.Table(Product), mappingColumn=Product_Name, insertable=true, updatable=true, unique=false}
17:50:24.710 [main] DEBUG org.hibernate.cfg.annotations.PropertyBinder - MetadataSourceProcessor property productname with lazy=false
17:50:24.710 [main] DEBUG org.hibernate.cfg.AbstractPropertyHolder - Attempting to locate auto-apply AttributeConverter for property [com.niit.model.Product:productname]
17:50:24.710 [main] DEBUG org.hibernate.cfg.annotations.SimpleValueBinder - building SimpleValue for productname
17:50:24.710 [main] DEBUG org.hibernate.cfg.annotations.PropertyBinder - Building property productname
17:50:24.710 [main] DEBUG org.hibernate.cfg.Ejb3Column - Binding column: Ejb3Column{table=org.hibernate.mapping.Table(Product), mappingColumn=stock, insertable=true, updatable=true, unique=false}
17:50:24.710 [main] DEBUG org.hibernate.cfg.annotations.PropertyBinder - MetadataSourceProcessor property stock with lazy=false
17:50:24.710 [main] DEBUG org.hibernate.cfg.AbstractPropertyHolder - Attempting to locate auto-apply AttributeConverter for property [com.niit.model.Product:stock]
17:50:24.710 [main] DEBUG org.hibernate.cfg.annotations.SimpleValueBinder - building SimpleValue for stock
17:50:24.710 [main] DEBUG org.hibernate.cfg.annotations.PropertyBinder - Building property stock
17:50:24.710 [main] DEBUG org.hibernate.cfg.Ejb3Column - Binding column: Ejb3Column{table=org.hibernate.mapping.Table(Product), mappingColumn=view, insertable=true, updatable=true, unique=false}
17:50:24.710 [main] DEBUG org.hibernate.cfg.annotations.PropertyBinder - MetadataSourceProcessor property view with lazy=false
17:50:24.710 [main] DEBUG org.hibernate.cfg.AbstractPropertyHolder - Attempting to locate auto-apply AttributeConverter for property [com.niit.model.Product:view]
17:50:24.710 [main] DEBUG org.hibernate.cfg.annotations.SimpleValueBinder - building SimpleValue for view
17:50:24.710 [main] DEBUG org.hibernate.cfg.annotations.PropertyBinder - Building property view
17:50:24.710 [main] DEBUG org.hibernate.cfg.AnnotationBinder - Binding entity from annotated class: com.niit.model.Supplier
17:50:24.710 [main] DEBUG org.hibernate.cfg.Ejb3Column - Binding column: Ejb3DiscriminatorColumn{logicalColumnName&apos;DTYPE&apos;, discriminatorTypeName=&apos;string&apos;}
17:50:24.710 [main] DEBUG org.hibernate.cfg.AnnotationBinder - No value specified for &apos;javax.persistence.sharedCache.mode&apos;; using UNSPECIFIED
17:50:24.710 [main] DEBUG org.hibernate.cfg.annotations.EntityBinder - Import with entity name Supplier
17:50:24.710 [main] DEBUG org.hibernate.cfg.annotations.EntityBinder - Bind entity com.niit.model.Supplier on table Supplier
17:50:24.710 [main] DEBUG org.hibernate.cfg.Ejb3Column - Binding column: Ejb3Column{table=org.hibernate.mapping.Table(Supplier), mappingColumn=Supplier_ID, insertable=true, updatable=true, unique=false}
17:50:24.710 [main] DEBUG org.hibernate.cfg.annotations.PropertyBinder - MetadataSourceProcessor property id with lazy=false
17:50:24.710 [main] DEBUG org.hibernate.cfg.AbstractPropertyHolder - Attempting to locate auto-apply AttributeConverter for property [com.niit.model.Supplier:id]
17:50:24.710 [main] DEBUG org.hibernate.cfg.annotations.SimpleValueBinder - building SimpleValue for id
17:50:24.710 [main] DEBUG org.hibernate.cfg.annotations.PropertyBinder - Building property id
17:50:24.710 [main] DEBUG org.hibernate.cfg.Ejb3Column - Binding column: Ejb3Column{table=org.hibernate.mapping.Table(Supplier), mappingColumn=Supplier_Name, insertable=true, updatable=true, unique=false}
17:50:24.710 [main] DEBUG org.hibernate.cfg.annotations.PropertyBinder - MetadataSourceProcessor property sup_name with lazy=false
17:50:24.710 [main] DEBUG org.hibernate.cfg.AbstractPropertyHolder - Attempting to locate auto-apply AttributeConverter for property [com.niit.model.Supplier:sup_name]
17:50:24.710 [main] DEBUG org.hibernate.cfg.annotations.SimpleValueBinder - building SimpleValue for sup_name
17:50:24.710 [main] DEBUG org.hibernate.cfg.annotations.PropertyBinder - Building property sup_name
17:50:24.710 [main] DEBUG org.hibernate.cfg.AnnotationBinder - Binding entity from annotated class: com.niit.model.Orders
17:50:24.710 [main] DEBUG org.hibernate.cfg.Ejb3Column - Binding column: Ejb3DiscriminatorColumn{logicalColumnName&apos;DTYPE&apos;, discriminatorTypeName=&apos;string&apos;}
17:50:24.710 [main] DEBUG org.hibernate.cfg.AnnotationBinder - No value specified for &apos;javax.persistence.sharedCache.mode&apos;; using UNSPECIFIED
17:50:24.710 [main] DEBUG org.hibernate.cfg.annotations.EntityBinder - Import with entity name Orders
17:50:24.710 [main] DEBUG org.hibernate.cfg.annotations.EntityBinder - Bind entity com.niit.model.Orders on table Orders
17:50:24.710 [main] DEBUG org.hibernate.cfg.Ejb3Column - Binding column: Ejb3Column{table=org.hibernate.mapping.Table(Orders), mappingColumn=Order_Id, insertable=true, updatable=true, unique=false}
17:50:24.710 [main] DEBUG org.hibernate.cfg.annotations.PropertyBinder - MetadataSourceProcessor property orderid with lazy=false
17:50:24.710 [main] DEBUG org.hibernate.cfg.AbstractPropertyHolder - Attempting to locate auto-apply AttributeConverter for property [com.niit.model.Orders:orderid]
17:50:24.710 [main] DEBUG org.hibernate.cfg.annotations.SimpleValueBinder - building SimpleValue for orderid
17:50:24.710 [main] DEBUG org.hibernate.cfg.annotations.PropertyBinder - Building property orderid
17:50:24.710 [main] DEBUG org.hibernate.cfg.Ejb3Column - Binding column: Ejb3Column{table=org.hibernate.mapping.Table(Orders), mappingColumn=Total_Amount, insertable=true, updatable=true, unique=false}
17:50:24.710 [main] DEBUG org.hibernate.cfg.annotations.PropertyBinder - MetadataSourceProcessor property TotalAmount with lazy=false
17:50:24.710 [main] DEBUG org.hibernate.cfg.AbstractPropertyHolder - Attempting to locate auto-apply AttributeConverter for property [com.niit.model.Orders:TotalAmount]
17:50:24.710 [main] DEBUG org.hibernate.cfg.annotations.SimpleValueBinder - building SimpleValue for TotalAmount
17:50:24.710 [main] DEBUG org.hibernate.cfg.annotations.PropertyBinder - Building property TotalAmount
17:50:24.710 [main] DEBUG org.hibernate.cfg.Ejb3Column - Binding column: Ejb3Column{table=org.hibernate.mapping.Table(Orders), mappingColumn=address, insertable=true, updatable=true, unique=false}
17:50:24.710 [main] DEBUG org.hibernate.cfg.annotations.PropertyBinder - MetadataSourceProcessor property address with lazy=false
17:50:24.710 [main] DEBUG org.hibernate.cfg.AbstractPropertyHolder - Attempting to locate auto-apply AttributeConverter for property [com.niit.model.Orders:address]
17:50:24.710 [main] DEBUG org.hibernate.cfg.annotations.SimpleValueBinder - building SimpleValue for address
17:50:24.710 [main] DEBUG org.hibernate.cfg.annotations.PropertyBinder - Building property address
17:50:24.726 [main] DEBUG org.hibernate.cfg.Ejb3Column - Binding column: Ejb3Column{table=org.hibernate.mapping.Table(Orders), mappingColumn=Payment_Status, insertable=true, updatable=true, unique=false}
17:50:24.726 [main] DEBUG org.hibernate.cfg.annotations.PropertyBinder - MetadataSourceProcessor property paymentStatus with lazy=false
17:50:24.726 [main] DEBUG org.hibernate.cfg.AbstractPropertyHolder - Attempting to locate auto-apply AttributeConverter for property [com.niit.model.Orders:paymentStatus]
17:50:24.726 [main] DEBUG org.hibernate.cfg.annotations.SimpleValueBinder - building SimpleValue for paymentStatus
17:50:24.726 [main] DEBUG org.hibernate.cfg.annotations.PropertyBinder - Building property paymentStatus
17:50:24.726 [main] DEBUG org.hibernate.cfg.Ejb3Column - Binding column: Ejb3Column{table=org.hibernate.mapping.Table(Orders), mappingColumn=Product_Id, insertable=true, updatable=true, unique=false}
17:50:24.726 [main] DEBUG org.hibernate.cfg.annotations.PropertyBinder - MetadataSourceProcessor property productid with lazy=false
17:50:24.726 [main] DEBUG org.hibernate.cfg.AbstractPropertyHolder - Attempting to locate auto-apply AttributeConverter for property [com.niit.model.Orders:productid]
17:50:24.726 [main] DEBUG org.hibernate.cfg.annotations.SimpleValueBinder - building SimpleValue for productid
17:50:24.726 [main] DEBUG org.hibernate.cfg.annotations.PropertyBinder - Building property productid
17:50:24.726 [main] DEBUG org.hibernate.cfg.Ejb3Column - Binding column: Ejb3Column{table=org.hibernate.mapping.Table(Orders), mappingColumn=User_Name, insertable=true, updatable=true, unique=false}
17:50:24.726 [main] DEBUG org.hibernate.cfg.annotations.PropertyBinder - MetadataSourceProcessor property username with lazy=false
17:50:24.726 [main] DEBUG org.hibernate.cfg.AbstractPropertyHolder - Attempting to locate auto-apply AttributeConverter for property [com.niit.model.Orders:username]
17:50:24.726 [main] DEBUG org.hibernate.cfg.annotations.SimpleValueBinder - building SimpleValue for username
17:50:24.726 [main] DEBUG org.hibernate.cfg.annotations.PropertyBinder - Building property username
17:50:24.726 [main] DEBUG org.hibernate.cfg.AnnotationBinder - Binding entity from annotated class: com.niit.model.Cart
17:50:24.726 [main] DEBUG org.hibernate.cfg.Ejb3Column - Binding column: Ejb3DiscriminatorColumn{logicalColumnName&apos;DTYPE&apos;, discriminatorTypeName=&apos;string&apos;}
17:50:24.726 [main] DEBUG org.hibernate.cfg.AnnotationBinder - No value specified for &apos;javax.persistence.sharedCache.mode&apos;; using UNSPECIFIED
17:50:24.726 [main] DEBUG org.hibernate.cfg.annotations.EntityBinder - Import with entity name Cart
17:50:24.726 [main] DEBUG org.hibernate.cfg.annotations.EntityBinder - Bind entity com.niit.model.Cart on table CART
17:50:24.726 [main] DEBUG org.hibernate.cfg.Ejb3Column - Binding column: Ejb3Column{table=org.hibernate.mapping.Table(CART), mappingColumn=Cart_ID, insertable=true, updatable=true, unique=false}
17:50:24.726 [main] DEBUG org.hibernate.cfg.annotations.PropertyBinder - MetadataSourceProcessor property id with lazy=false
17:50:24.726 [main] DEBUG org.hibernate.cfg.AbstractPropertyHolder - Attempting to locate auto-apply AttributeConverter for property [com.niit.model.Cart:id]
17:50:24.726 [main] DEBUG org.hibernate.cfg.annotations.SimpleValueBinder - building SimpleValue for id
17:50:24.726 [main] DEBUG org.hibernate.cfg.annotations.PropertyBinder - Building property id
17:50:24.726 [main] DEBUG org.hibernate.cfg.Ejb3Column - Binding column: Ejb3Column{table=org.hibernate.mapping.Table(CART), mappingColumn=price, insertable=true, updatable=true, unique=false}
17:50:24.726 [main] DEBUG org.hibernate.cfg.annotations.PropertyBinder - MetadataSourceProcessor property price with lazy=false
17:50:24.726 [main] DEBUG org.hibernate.cfg.AbstractPropertyHolder - Attempting to locate auto-apply AttributeConverter for property [com.niit.model.Cart:price]
17:50:24.726 [main] DEBUG org.hibernate.cfg.annotations.SimpleValueBinder - building SimpleValue for price
17:50:24.726 [main] DEBUG org.hibernate.cfg.annotations.PropertyBinder - Building property price
17:50:24.726 [main] DEBUG org.hibernate.cfg.Ejb3Column - Binding column: Ejb3Column{table=org.hibernate.mapping.Table(CART), mappingColumn=Product_Name, insertable=true, updatable=true, unique=false}
17:50:24.726 [main] DEBUG org.hibernate.cfg.annotations.PropertyBinder - MetadataSourceProcessor property productName with lazy=false
17:50:24.726 [main] DEBUG org.hibernate.cfg.AbstractPropertyHolder - Attempting to locate auto-apply AttributeConverter for property [com.niit.model.Cart:productName]
17:50:24.726 [main] DEBUG org.hibernate.cfg.annotations.SimpleValueBinder - building SimpleValue for productName
17:50:24.726 [main] DEBUG org.hibernate.cfg.annotations.PropertyBinder - Building property productName
17:50:24.726 [main] DEBUG org.hibernate.cfg.Ejb3Column - Binding column: Ejb3Column{table=org.hibernate.mapping.Table(CART), mappingColumn=quantity, insertable=true, updatable=true, unique=false}
17:50:24.726 [main] DEBUG org.hibernate.cfg.annotations.PropertyBinder - MetadataSourceProcessor property quantity with lazy=false
17:50:24.726 [main] DEBUG org.hibernate.cfg.AbstractPropertyHolder - Attempting to locate auto-apply AttributeConverter for property [com.niit.model.Cart:quantity]
17:50:24.726 [main] DEBUG org.hibernate.cfg.annotations.SimpleValueBinder - building SimpleValue for quantity
17:50:24.726 [main] DEBUG org.hibernate.cfg.annotations.PropertyBinder - Building property quantity
17:50:24.726 [main] DEBUG org.hibernate.cfg.Ejb3Column - Binding column: Ejb3Column{table=org.hibernate.mapping.Table(CART), mappingColumn=status, insertable=true, updatable=true, unique=false}
17:50:24.726 [main] DEBUG org.hibernate.cfg.annotations.PropertyBinder - MetadataSourceProcessor property status with lazy=false
17:50:24.726 [main] DEBUG org.hibernate.cfg.AbstractPropertyHolder - Attempting to locate auto-apply AttributeConverter for property [com.niit.model.Cart:status]
17:50:24.726 [main] DEBUG org.hibernate.cfg.annotations.SimpleValueBinder - building SimpleValue for status
17:50:24.726 [main] DEBUG org.hibernate.cfg.annotations.PropertyBinder - Building property status
17:50:24.726 [main] DEBUG org.hibernate.cfg.Ejb3Column - Binding column: Ejb3Column{table=org.hibernate.mapping.Table(CART), mappingColumn=User_Name, insertable=true, updatable=true, unique=false}
17:50:24.726 [main] DEBUG org.hibernate.cfg.annotations.PropertyBinder - MetadataSourceProcessor property user with lazy=false
17:50:24.726 [main] DEBUG org.hibernate.cfg.AbstractPropertyHolder - Attempting to locate auto-apply AttributeConverter for property [com.niit.model.Cart:user]
[...]
17:50:29.133 [main] DEBUG org.springframework.beans.factory.support.DefaultListableBeanFactory - Eagerly caching bean &apos;supplierDaoImpl&apos; to allow for resolving potential circular references
17:50:29.133 [main] DEBUG org.springframework.beans.factory.annotation.InjectionMetadata - Processing injected method of bean &apos;supplierDaoImpl&apos;: AutowiredFieldElement for private org.hibernate.SessionFactory com.niit.daoImpl.SupplierDaoImpl.sessionFactory
17:50:29.133 [main] DEBUG org.springframework.beans.factory.support.DefaultListableBeanFactory - Returning cached instance of singleton bean &apos;sessionFactory&apos;
17:50:29.133 [main] DEBUG org.springframework.beans.factory.annotation.AutowiredAnnotationBeanPostProcessor - Autowiring by type from bean name &apos;supplierDaoImpl&apos; to bean named &apos;sessionFactory&apos;
17:50:29.133 [main] DEBUG org.springframework.beans.factory.support.DefaultListableBeanFactory - Returning cached instance of singleton bean &apos;org.springframework.transaction.config.internalTransactionAdvisor&apos;
17:50:29.133 [main] DEBUG org.springframework.aop.framework.autoproxy.InfrastructureAdvisorAutoProxyCreator - Creating implicit proxy for bean &apos;supplierDaoImpl&apos; with 0 common interceptors and 1 specific interceptors
17:50:29.133 [main] DEBUG org.springframework.aop.framework.JdkDynamicAopProxy - Creating JDK dynamic proxy: target source is SingletonTargetSource for target object [com.niit.daoImpl.SupplierDaoImpl@28e50e]
17:50:29.133 [main] DEBUG org.springframework.beans.factory.support.DefaultListableBeanFactory - Finished creating instance of bean &apos;supplierDaoImpl&apos;
17:50:29.133 [main] DEBUG org.springframework.beans.factory.support.DefaultListableBeanFactory - Creating shared instance of singleton bean &apos;transactionManager&apos;
17:50:29.133 [main] DEBUG org.springframework.beans.factory.support.DefaultListableBeanFactory - Creating instance of bean &apos;transactionManager&apos;
17:50:29.133 [main] DEBUG org.springframework.beans.factory.support.DefaultListableBeanFactory - Returning cached instance of singleton bean &apos;hibernateConfig&apos;
17:50:29.133 [main] DEBUG org.springframework.beans.factory.support.DefaultListableBeanFactory - Returning cached instance of singleton bean &apos;sessionFactory&apos;
17:50:29.133 [main] DEBUG org.springframework.beans.factory.support.DefaultListableBeanFactory - Autowiring by type from bean name &apos;transactionManager&apos; via factory method to bean named &apos;sessionFactory&apos;
17:50:29.133 [main] INFO org.springframework.orm.hibernate4.HibernateTransactionManager - Using DataSource [org.springframework.jdbc.datasource.DriverManagerDataSource@19de014] of Hibernate SessionFactory for HibernateTransactionManager
17:50:29.133 [main] DEBUG org.springframework.beans.factory.support.DefaultListableBeanFactory - Eagerly caching bean &apos;transactionManager&apos; to allow for resolving potential circular references
17:50:29.133 [main] DEBUG org.springframework.beans.factory.support.DefaultListableBeanFactory - Invoking afterPropertiesSet() on bean with name &apos;transactionManager&apos;
17:50:29.133 [main] DEBUG org.springframework.beans.factory.support.DefaultListableBeanFactory - Returning cached instance of singleton bean &apos;org.springframework.transaction.config.internalTransactionAdvisor&apos;
17:50:29.133 [main] DEBUG org.springframework.beans.factory.support.DefaultListableBeanFactory - Finished creating instance of bean &apos;transactionManager&apos;
17:50:29.133 [main] DEBUG org.springframework.beans.factory.support.DefaultListableBeanFactory - Returning cached instance of singleton bean &apos;org.springframework.aop.config.internalAutoProxyCreator&apos;
17:50:29.133 [main] DEBUG org.springframework.context.annotation.AnnotationConfigApplicationContext - Unable to locate LifecycleProcessor with name &apos;lifecycleProcessor&apos;: using default [org.springframework.context.support.DefaultLifecycleProcessor@17c350f]
17:50:29.133 [main] DEBUG org.springframework.beans.factory.support.DefaultListableBeanFactory - Returning cached instance of singleton bean &apos;lifecycleProcessor&apos;
17:50:29.133 [main] DEBUG org.springframework.core.env.PropertySourcesPropertyResolver - Searching for key &apos;spring.liveBeansView.mbeanDomain&apos; in [systemProperties]
17:50:29.133 [main] DEBUG org.springframework.core.env.PropertySourcesPropertyResolver - Searching for key &apos;spring.liveBeansView.mbeanDomain&apos; in [systemEnvironment]
17:50:29.133 [main] DEBUG org.springframework.core.env.PropertySourcesPropertyResolver - Could not find key &apos;spring.liveBeansView.mbeanDomain&apos; in any property source. Returning [null]
17:50:29.133 [main] DEBUG org.springframework.beans.factory.support.DefaultListableBeanFactory - Returning cached instance of singleton bean &apos;productDao&apos;
</system-out>
  </testcase>
  <testcase classname="com.niit.test.ProductDaoTest" name="deleteTest" time="4.478">
    <error message="Could not open Hibernate Session for transaction; nested exception is org.hibernate.exception.GenericJDBCException: Could not open connection" type="org.springframework.transaction.CannotCreateTransactionException">org.springframework.transaction.CannotCreateTransactionException: Could not open Hibernate Session for transaction; nested exception is org.hibernate.exception.GenericJDBCException: Could not open connection
	at org.springframework.orm.hibernate4.HibernateTransactionManager.doBegin(HibernateTransactionManager.java:518)
	at org.springframework.transaction.support.AbstractPlatformTransactionManager.getTransaction(AbstractPlatformTransactionManager.java:373)
	at org.springframework.transaction.interceptor.TransactionAspectSupport.createTransactionIfNecessary(TransactionAspectSupport.java:438)
	at org.springframework.transaction.interceptor.TransactionAspectSupport.invokeWithinTransaction(TransactionAspectSupport.java:261)
	at org.springframework.transaction.interceptor.TransactionInterceptor.invoke(TransactionInterceptor.java:95)
	at org.springframework.aop.framework.ReflectiveMethodInvocation.proceed(ReflectiveMethodInvocation.java:179)
	at org.springframework.aop.framework.JdkDynamicAopProxy.invoke(JdkDynamicAopProxy.java:207)
	at com.sun.proxy.$Proxy34.delete(Unknown Source)
	at com.niit.test.ProductDaoTest.deleteTest(ProductDaoTest.java:54)
	at sun.reflect.NativeMethodAccessorImpl.invoke0(Native Method)
	at sun.reflect.NativeMethodAccessorImpl.invoke(NativeMethodAccessorImpl.java:62)
	at sun.reflect.DelegatingMethodAccessorImpl.invoke(DelegatingMethodAccessorImpl.java:43)
	at java.lang.reflect.Method.invoke(Method.java:498)
	at org.junit.runners.model.FrameworkMethod$1.runReflectiveCall(FrameworkMethod.java:50)
	at org.junit.internal.runners.model.ReflectiveCallable.run(ReflectiveCallable.java:12)
	at org.junit.runners.model.FrameworkMethod.invokeExplosively(FrameworkMethod.java:47)
	at org.junit.internal.runners.statements.InvokeMethod.evaluate(InvokeMethod.java:17)
	at org.junit.runners.ParentRunner.runLeaf(ParentRunner.java:325)
	at org.junit.runners.BlockJUnit4ClassRunner.runChild(BlockJUnit4ClassRunner.java:78)
	at org.junit.runners.BlockJUnit4ClassRunner.runChild(BlockJUnit4ClassRunner.java:57)
	at org.junit.runners.ParentRunner$3.run(ParentRunner.java:290)
	at org.junit.runners.ParentRunner$1.schedule(ParentRunner.java:71)
	at org.junit.runners.ParentRunner.runChildren(ParentRunner.java:288)
	at org.junit.runners.ParentRunner.access$000(ParentRunner.java:58)
	at org.junit.runners.ParentRunner$2.evaluate(ParentRunner.java:268)
	at org.junit.internal.runners.statements.RunBefores.evaluate(RunBefores.java:26)
	at org.junit.runners.ParentRunner.run(ParentRunner.java:363)
	at org.apache.maven.surefire.junit4.JUnit4Provider.execute(JUnit4Provider.java:252)
	at org.apache.maven.surefire.junit4.JUnit4Provider.executeTestSet(JUnit4Provider.java:141)
	at org.apache.maven.surefire.junit4.JUnit4Provider.invoke(JUnit4Provider.java:112)
	at sun.reflect.NativeMethodAccessorImpl.invoke0(Native Method)
	at sun.reflect.NativeMethodAccessorImpl.invoke(NativeMethodAccessorImpl.java:62)
	at sun.reflect.DelegatingMethodAccessorImpl.invoke(DelegatingMethodAccessorImpl.java:43)
	at java.lang.reflect.Method.invoke(Method.java:498)
	at org.apache.maven.surefire.util.ReflectionUtils.invokeMethodWithArray(ReflectionUtils.java:189)
	at org.apache.maven.surefire.booter.ProviderFactory$ProviderProxy.invoke(ProviderFactory.java:165)
	at org.apache.maven.surefire.booter.ProviderFactory.invokeProvider(ProviderFactory.java:85)
	at org.apache.maven.surefire.booter.ForkedBooter.runSuitesInProcess(ForkedBooter.java:115)
	at org.apache.maven.surefire.booter.ForkedBooter.main(ForkedBooter.java:75)
Caused by: org.hibernate.exception.GenericJDBCException: Could not open connection
	at org.hibernate.exception.internal.StandardSQLExceptionConverter.convert(StandardSQLExceptionConverter.java:54)
	at org.hibernate.engine.jdbc.spi.SqlExceptionHelper.convert(SqlExceptionHelper.java:126)
	at org.hibernate.engine.jdbc.spi.SqlExceptionHelper.convert(SqlExceptionHelper.java:112)
	at org.hibernate.engine.jdbc.internal.LogicalConnectionImpl.obtainConnection(LogicalConnectionImpl.java:235)
	at org.hibernate.engine.jdbc.internal.LogicalConnectionImpl.getConnection(LogicalConnectionImpl.java:171)
	at org.hibernate.internal.SessionImpl.connection(SessionImpl.java:450)
	at org.springframework.orm.hibernate4.HibernateTransactionManager.doBegin(HibernateTransactionManager.java:432)
	... 38 more
Caused by: org.h2.jdbc.JdbcSQLException: Wrong user name or password [28000-176]
	at org.h2.message.DbException.getJdbcSQLException(DbException.java:344)
	at org.h2.message.DbException.get(DbException.java:178)
	at org.h2.message.DbException.get(DbException.java:154)
	at org.h2.message.DbException.get(DbException.java:143)
	at org.h2.engine.Engine.validateUserAndPassword(Engine.java:316)
	at org.h2.engine.Engine.createSessionAndValidate(Engine.java:150)
	at org.h2.engine.Engine.createSession(Engine.java:125)
	at org.h2.server.TcpServerThread.run(TcpServerThread.java:150)
	at java.lang.Thread.run(Unknown Source)

	at org.h2.engine.SessionRemote.done(SessionRemote.java:624)
	at org.h2.engine.SessionRemote.initTransfer(SessionRemote.java:143)
	at org.h2.engine.SessionRemote.connectServer(SessionRemote.java:448)
	at org.h2.engine.SessionRemote.connectEmbeddedOrServer(SessionRemote.java:329)
	at org.h2.jdbc.JdbcConnection.&lt;init&gt;(JdbcConnection.java:107)
	at org.h2.jdbc.JdbcConnection.&lt;init&gt;(JdbcConnection.java:91)
	at org.h2.Driver.connect(Driver.java:72)
	at java.sql.DriverManager.getConnection(DriverManager.java:664)
	at java.sql.DriverManager.getConnection(DriverManager.java:208)
	at org.springframework.jdbc.datasource.DriverManagerDataSource.getConnectionFromDriverManager(DriverManagerDataSource.java:153)
	at org.springframework.jdbc.datasource.DriverManagerDataSource.getConnectionFromDriver(DriverManagerDataSource.java:144)
	at org.springframework.jdbc.datasource.AbstractDriverBasedDataSource.getConnectionFromDriver(AbstractDriverBasedDataSource.java:155)
	at org.springframework.jdbc.datasource.AbstractDriverBasedDataSource.getConnection(AbstractDriverBasedDataSource.java:120)
	at org.hibernate.engine.jdbc.connections.internal.DatasourceConnectionProviderImpl.getConnection(DatasourceConnectionProviderImpl.java:139)
	at org.hibernate.internal.AbstractSessionImpl$NonContextualJdbcConnectionAccess.obtainConnection(AbstractSessionImpl.java:380)
	at org.hibernate.engine.jdbc.internal.LogicalConnectionImpl.obtainConnection(LogicalConnectionImpl.java:228)
	... 41 more
</error>
    <system-out>17:50:29.133 [main] DEBUG org.springframework.transaction.annotation.AnnotationTransactionAttributeSource - Adding transactional method &apos;ProductDaoImpl.delete&apos; with attribute: PROPAGATION_REQUIRED,ISOLATION_DEFAULT; &apos;&apos;
17:50:29.133 [main] DEBUG org.springframework.beans.factory.support.DefaultListableBeanFactory - Returning cached instance of singleton bean &apos;transactionManager&apos;
17:50:29.133 [main] DEBUG org.springframework.orm.hibernate4.HibernateTransactionManager - Creating new transaction with name [com.niit.daoImpl.ProductDaoImpl.delete]: PROPAGATION_REQUIRED,ISOLATION_DEFAULT; &apos;&apos;
17:50:29.133 [main] DEBUG org.springframework.orm.hibernate4.HibernateTransactionManager - Opened new Session [SessionImpl(PersistenceContext[entityKeys=[],collectionKeys=[]];ActionQueue[insertions=org.hibernate.engine.spi.ExecutableList@1dc8b5d updates=org.hibernate.engine.spi.ExecutableList@1cd426c deletions=org.hibernate.engine.spi.ExecutableList@114a673 orphanRemovals=org.hibernate.engine.spi.ExecutableList@6a17c4 collectionCreations=org.hibernate.engine.spi.ExecutableList@1c3fcb7 collectionRemovals=org.hibernate.engine.spi.ExecutableList@4c0b41 collectionUpdates=org.hibernate.engine.spi.ExecutableList@911385 collectionQueuedOps=org.hibernate.engine.spi.ExecutableList@67eea4 unresolvedInsertDependencies=UnresolvedEntityInsertActions[]])] for Hibernate transaction
17:50:29.133 [main] DEBUG org.springframework.orm.hibernate4.HibernateTransactionManager - Preparing JDBC Connection of Hibernate Session [SessionImpl(PersistenceContext[entityKeys=[],collectionKeys=[]];ActionQueue[insertions=org.hibernate.engine.spi.ExecutableList@1dc8b5d updates=org.hibernate.engine.spi.ExecutableList@1cd426c deletions=org.hibernate.engine.spi.ExecutableList@114a673 orphanRemovals=org.hibernate.engine.spi.ExecutableList@6a17c4 collectionCreations=org.hibernate.engine.spi.ExecutableList@1c3fcb7 collectionRemovals=org.hibernate.engine.spi.ExecutableList@4c0b41 collectionUpdates=org.hibernate.engine.spi.ExecutableList@911385 collectionQueuedOps=org.hibernate.engine.spi.ExecutableList@67eea4 unresolvedInsertDependencies=UnresolvedEntityInsertActions[]])]
17:50:29.133 [main] DEBUG org.hibernate.engine.jdbc.internal.LogicalConnectionImpl - Obtaining JDBC connection
17:50:29.133 [main] DEBUG org.springframework.jdbc.datasource.DriverManagerDataSource - Creating new JDBC DriverManager Connection to [jdbc:h2:tcp://localhost/~/test]
17:50:33.609 [main] DEBUG org.hibernate.engine.jdbc.spi.SqlExceptionHelper - Could not open connection [n/a]
org.h2.jdbc.JdbcSQLException: Wrong user name or password [28000-191]
	at org.h2.engine.SessionRemote.done(SessionRemote.java:624)
	at org.h2.engine.SessionRemote.initTransfer(SessionRemote.java:143)
	at org.h2.engine.SessionRemote.connectServer(SessionRemote.java:448)
	at org.h2.engine.SessionRemote.connectEmbeddedOrServer(SessionRemote.java:329)
	at org.h2.jdbc.JdbcConnection.&lt;init&gt;(JdbcConnection.java:107)
	at org.h2.jdbc.JdbcConnection.&lt;init&gt;(JdbcConnection.java:91)
	at org.h2.Driver.connect(Driver.java:72)
	at java.sql.DriverManager.getConnection(DriverManager.java:664)
	at java.sql.DriverManager.getConnection(DriverManager.java:208)
	at org.springframework.jdbc.datasource.DriverManagerDataSource.getConnectionFromDriverManager(DriverManagerDataSource.java:153)
	at org.springframework.jdbc.datasource.DriverManagerDataSource.getConnectionFromDriver(DriverManagerDataSource.java:144)
	at org.springframework.jdbc.datasource.AbstractDriverBasedDataSource.getConnectionFromDriver(AbstractDriverBasedDataSource.java:155)
	at org.springframework.jdbc.datasource.AbstractDriverBasedDataSource.getConnection(AbstractDriverBasedDataSource.java:120)
	at org.hibernate.engine.jdbc.connections.internal.DatasourceConnectionProviderImpl.getConnection(DatasourceConnectionProviderImpl.java:139)
	at org.hibernate.internal.AbstractSessionImpl$NonContextualJdbcConnectionAccess.obtainConnection(AbstractSessionImpl.java:380)
	at org.hibernate.engine.jdbc.internal.LogicalConnectionImpl.obtainConnection(LogicalConnectionImpl.java:228)
	at org.hibernate.engine.jdbc.internal.LogicalConnectionImpl.getConnection(LogicalConnectionImpl.java:171)
	at org.hibernate.internal.SessionImpl.connection(SessionImpl.java:450)
	at org.springframework.orm.hibernate4.HibernateTransactionManager.doBegin(HibernateTransactionManager.java:432)
	at org.springframework.transaction.support.AbstractPlatformTransactionManager.getTransaction(AbstractPlatformTransactionManager.java:373)
	at org.springframework.transaction.interceptor.TransactionAspectSupport.createTransactionIfNecessary(TransactionAspectSupport.java:438)
	at org.springframework.transaction.interceptor.TransactionAspectSupport.invokeWithinTransaction(TransactionAspectSupport.java:261)
	at org.springframework.transaction.interceptor.TransactionInterceptor.invoke(TransactionInterceptor.java:95)
	at org.springframework.aop.framework.ReflectiveMethodInvocation.proceed(ReflectiveMethodInvocation.java:179)
	at org.springframework.aop.framework.JdkDynamicAopProxy.invoke(JdkDynamicAopProxy.java:207)
	at com.sun.proxy.$Proxy34.delete(Unknown Source)
	at com.niit.test.ProductDaoTest.deleteTest(ProductDaoTest.java:54)
	at sun.reflect.NativeMethodAccessorImpl.invoke0(Native Method)
	at sun.reflect.NativeMethodAccessorImpl.invoke(NativeMethodAccessorImpl.java:62)
	at sun.reflect.DelegatingMethodAccessorImpl.invoke(DelegatingMethodAccessorImpl.java:43)
	at java.lang.reflect.Method.invoke(Method.java:498)
	at org.junit.runners.model.FrameworkMethod$1.runReflectiveCall(FrameworkMethod.java:50)
	at org.junit.internal.runners.model.ReflectiveCallable.run(ReflectiveCallable.java:12)
	at org.junit.runners.model.FrameworkMethod.invokeExplosively(FrameworkMethod.java:47)
	at org.junit.internal.runners.statements.InvokeMethod.evaluate(InvokeMethod.java:17)
	at org.junit.runners.ParentRunner.runLeaf(ParentRunner.java:325)
	at org.junit.runners.BlockJUnit4ClassRunner.runChild(BlockJUnit4ClassRunner.java:78)
	at org.junit.runners.BlockJUnit4ClassRunner.runChild(BlockJUnit4ClassRunner.java:57)
	at org.junit.runners.ParentRunner$3.run(ParentRunner.java:290)
	at org.junit.runners.ParentRunner$1.schedule(ParentRunner.java:71)
	at org.junit.runners.ParentRunner.runChildren(ParentRunner.java:288)
	at org.junit.runners.ParentRunner.access$000(ParentRunner.java:58)
	at org.junit.runners.ParentRunner$2.evaluate(ParentRunner.java:268)
	at org.junit.internal.runners.statements.RunBefores.evaluate(RunBefores.java:26)
	at org.junit.runners.ParentRunner.run(ParentRunner.java:363)
	at org.apache.maven.surefire.junit4.JUnit4Provider.execute(JUnit4Provider.java:252)
	at org.apache.maven.surefire.junit4.JUnit4Provider.executeTestSet(JUnit4Provider.java:141)
	at org.apache.maven.surefire.junit4.JUnit4Provider.invoke(JUnit4Provider.java:112)
	at sun.reflect.NativeMethodAccessorImpl.invoke0(Native Method)
	at sun.reflect.NativeMethodAccessorImpl.invoke(NativeMethodAccessorImpl.java:62)
	at sun.reflect.DelegatingMethodAccessorImpl.invoke(DelegatingMethodAccessorImpl.java:43)
	at java.lang.reflect.Method.invoke(Method.java:498)
	at org.apache.maven.surefire.util.ReflectionUtils.invokeMethodWithArray(ReflectionUtils.java:189)
	at org.apache.maven.surefire.booter.ProviderFactory$ProviderProxy.invoke(ProviderFactory.java:165)
	at org.apache.maven.surefire.booter.ProviderFactory.invokeProvider(ProviderFactory.java:85)
	at org.apache.maven.surefire.booter.ForkedBooter.runSuitesInProcess(ForkedBooter.java:115)
	at org.apache.maven.surefire.booter.ForkedBooter.main(ForkedBooter.java:75)
17:50:33.610 [main] WARN org.hibernate.engine.jdbc.spi.SqlExceptionHelper - SQL Error: 28000, SQLState: 28000
17:50:33.610 [main] ERROR org.hibernate.engine.jdbc.spi.SqlExceptionHelper - Wrong user name or password [28000-191]
</system-out>
  </testcase>
</testsuite>